#
# There is insufficient memory for the Java Runtime Environment to continue.
# Native memory allocation (mmap) failed to map 335544320 bytes for G1 virtual space
# Possible reasons:
#   The system is out of physical RAM or swap space
#   The process is running with CompressedOops enabled, and the Java Heap may be blocking the growth of the native heap
# Possible solutions:
#   Reduce memory load on the system
#   Increase physical memory or swap space
#   Check if swap backing store is full
#   Decrease Java heap size (-Xmx/-Xms)
#   Decrease number of Java threads
#   Decrease Java thread stack sizes (-Xss)
#   Set larger code cache with -XX:ReservedCodeCacheSize=
#   JVM is running with Zero Based Compressed Oops mode in which the Java heap is
#     placed in the first 32GB address space. The Java Heap base address is the
#     maximum limit for the native heap growth. Please use -XX:HeapBaseMinAddress
#     to set the Java Heap base and to place the Java Heap above 32GB virtual address.
# This output file may be truncated or incomplete.
#
#  Out of Memory Error (os_windows.cpp:3528), pid=16564, tid=5772
#
# JRE version:  (20.0.1+9) (build )
# Java VM: OpenJDK 64-Bit Server VM (20.0.1+9-29, mixed mode, sharing, tiered, compressed oops, compressed class ptrs, g1 gc, windows-amd64)
# No core dump will be written. Minidumps are not enabled by default on client versions of Windows
#

---------------  S U M M A R Y ------------

Command Line: -Dnet.bytebuddy.agent.attacher.dump= net.bytebuddy.agent.Attacher com.sun.tools.attach.VirtualMachine 18032 C:\Users\chien\.m2\repository\net\bytebuddy\byte-buddy-agent\1.14.9\byte-buddy-agent-1.14.9.jar false 

Host: Intel(R) Core(TM) i5-1035G1 CPU @ 1.00GHz, 8 cores, 19G,  Windows 11 , 64 bit Build 22621 (10.0.22621.2506)
Time: Fri Dec  8 22:03:09 2023 SE Asia Standard Time elapsed time: 0.017257 seconds (0d 0h 0m 0s)

---------------  T H R E A D  ---------------

Current thread (0x000002e26d959560):  JavaThread "Unknown thread" [_thread_in_vm, id=5772, stack(0x000000f50dc00000,0x000000f50dd00000)]

Stack: [0x000000f50dc00000,0x000000f50dd00000]
Native frames: (J=compiled Java code, j=interpreted, Vv=VM code, C=native code)
V  [jvm.dll+0x6bb95a]
V  [jvm.dll+0x8485fa]
V  [jvm.dll+0x84a1f5]
V  [jvm.dll+0x84a8f3]
V  [jvm.dll+0x280b0f]
V  [jvm.dll+0x6b86e9]
V  [jvm.dll+0x6ad2da]
V  [jvm.dll+0x35adf5]
V  [jvm.dll+0x363016]
V  [jvm.dll+0x3b3b3e]
V  [jvm.dll+0x3b3dc5]
V  [jvm.dll+0x32b50a]
V  [jvm.dll+0x32c32b]
V  [jvm.dll+0x8112bf]
V  [jvm.dll+0x3c0d91]
V  [jvm.dll+0x7fcfe3]
V  [jvm.dll+0x44c76f]
V  [jvm.dll+0x44e0e1]
C  [jli.dll+0x5287]
C  [ucrtbase.dll+0x29363]
C  [KERNEL32.DLL+0x1257d]
C  [ntdll.dll+0x5aa58]


---------------  P R O C E S S  ---------------

Threads class SMR info:
_java_thread_list=0x00007ff96093a098, length=0, elements={
}

Java Threads: ( => current thread )

Other Threads:
  0x000002e26d9d5d80 WorkerThread "GC Thread#0" [stack: 0x000000f50dd00000,0x000000f50de00000] [id=19704]
  0x000002e26d9e0ae0 ConcurrentGCThread "G1 Main Marker" [stack: 0x000000f50de00000,0x000000f50df00000] [id=18948]
  0x000002e26d9e16b0 WorkerThread "G1 Conc#0" [stack: 0x000000f50df00000,0x000000f50e000000] [id=8124]

[error occurred during error reporting (printing all threads), id 0xc0000005, EXCEPTION_ACCESS_VIOLATION (0xc0000005) at pc=0x00007ff96011eb47]
VM state: not at safepoint (not fully initialized)

VM Mutex/Monitor currently owned by a thread:  ([mutex/lock_event])
[0x000002e26d953d70] Heap_lock - owner thread: 0x000002e26d959560

Heap address: 0x00000006c3400000, size: 5068 MB, Compressed Oops mode: Zero based, Oop shift amount: 3

CDS archive(s) mapped at: [0x0000000000000000-0x0000000000000000-0x0000000000000000), size 0, SharedBaseAddress: 0x0000000800000000, ArchiveRelocationMode: 0.
Narrow klass base: 0x0000000000000000, Narrow klass shift: 0, Narrow klass range: 0x0

GC Precious Log:
 CardTable entry size: 512
 Card Set container configuration: InlinePtr #cards 4 size 8 Array Of Cards #cards 32 size 80 Howl #buckets 8 coarsen threshold 7372 Howl Bitmap #cards 1024 size 144 coarsen threshold 921 Card regions per heap region 1 cards per card region 8192

Heap:
 garbage-first heap   total 0K, used 0K [0x00000006c3400000, 0x0000000800000000)
  region size 4096K, 0 young (0K), 0 survivors (0K)

[error occurred during error reporting (printing heap information), id 0xc0000005, EXCEPTION_ACCESS_VIOLATION (0xc0000005) at pc=0x00007ff9604f3c59]
GC Heap History (0 events):
No events

Dll operation events (1 events):
Event: 0.010 Loaded shared library C:\Users\chien\.jdks\openjdk-20.0.1\bin\java.dll

Deoptimization events (0 events):
No events

Classes loaded (0 events):
No events

Classes unloaded (0 events):
No events

Classes redefined (0 events):
No events

Internal exceptions (0 events):
No events

VM Operations (0 events):
No events

Events (0 events):
No events


Dynamic libraries:
0x00007ff727df0000 - 0x00007ff727dfe000 	C:\Users\chien\.jdks\openjdk-20.0.1\bin\java.exe
0x00007ff9cf330000 - 0x00007ff9cf547000 	C:\WINDOWS\SYSTEM32\ntdll.dll
0x00007ff9cda00000 - 0x00007ff9cdac4000 	C:\WINDOWS\System32\KERNEL32.DLL
0x00007ff9cc960000 - 0x00007ff9ccd06000 	C:\WINDOWS\System32\KERNELBASE.dll
0x00007ff9cc7c0000 - 0x00007ff9cc8d1000 	C:\WINDOWS\System32\ucrtbase.dll
0x00007ff9b9540000 - 0x00007ff9b9557000 	C:\Users\chien\.jdks\openjdk-20.0.1\bin\jli.dll
0x00007ff9c6d90000 - 0x00007ff9c6dab000 	C:\Users\chien\.jdks\openjdk-20.0.1\bin\VCRUNTIME140.dll
0x00007ff9cd7f0000 - 0x00007ff9cd99e000 	C:\WINDOWS\System32\USER32.dll
0x00007ff9ccdd0000 - 0x00007ff9ccdf6000 	C:\WINDOWS\System32\win32u.dll
0x00007ff9b11a0000 - 0x00007ff9b1433000 	C:\WINDOWS\WinSxS\amd64_microsoft.windows.common-controls_6595b64144ccf1df_6.0.22621.2506_none_270c5ae97388e100\COMCTL32.dll
0x00007ff9ce440000 - 0x00007ff9ce469000 	C:\WINDOWS\System32\GDI32.dll
0x00007ff9cd210000 - 0x00007ff9cd2b7000 	C:\WINDOWS\System32\msvcrt.dll
0x00007ff9cc6a0000 - 0x00007ff9cc7b8000 	C:\WINDOWS\System32\gdi32full.dll
0x00007ff9cce00000 - 0x00007ff9cce9a000 	C:\WINDOWS\System32\msvcp_win.dll
0x00007ff9cdad0000 - 0x00007ff9cdb01000 	C:\WINDOWS\System32\IMM32.DLL
0x00007ff9c7f60000 - 0x00007ff9c7f6c000 	C:\Users\chien\.jdks\openjdk-20.0.1\bin\vcruntime140_1.dll
0x00007ff9b93b0000 - 0x00007ff9b943e000 	C:\Users\chien\.jdks\openjdk-20.0.1\bin\msvcp140.dll
0x00007ff95fde0000 - 0x00007ff960a77000 	C:\Users\chien\.jdks\openjdk-20.0.1\bin\server\jvm.dll
0x00007ff9ce1f0000 - 0x00007ff9ce2a1000 	C:\WINDOWS\System32\ADVAPI32.dll
0x00007ff9cd2c0000 - 0x00007ff9cd365000 	C:\WINDOWS\System32\sechost.dll
0x00007ff9ce310000 - 0x00007ff9ce427000 	C:\WINDOWS\System32\RPCRT4.dll
0x00007ff9c5860000 - 0x00007ff9c5894000 	C:\WINDOWS\SYSTEM32\WINMM.dll
0x00007ff9c6dd0000 - 0x00007ff9c6dd9000 	C:\WINDOWS\SYSTEM32\WSOCK32.dll
0x00007ff9bb390000 - 0x00007ff9bb39a000 	C:\WINDOWS\SYSTEM32\VERSION.dll
0x00007ff9ce600000 - 0x00007ff9ce671000 	C:\WINDOWS\System32\WS2_32.dll
0x00007ff9cb6a0000 - 0x00007ff9cb6b8000 	C:\WINDOWS\SYSTEM32\kernel.appcore.dll
0x00007ff9c77f0000 - 0x00007ff9c77fa000 	C:\Users\chien\.jdks\openjdk-20.0.1\bin\jimage.dll
0x00007ff9bc090000 - 0x00007ff9bc2c3000 	C:\WINDOWS\SYSTEM32\DBGHELP.DLL
0x00007ff9cdb10000 - 0x00007ff9cde99000 	C:\WINDOWS\System32\combase.dll
0x00007ff9cd080000 - 0x00007ff9cd157000 	C:\WINDOWS\System32\OLEAUT32.dll
0x00007ff9bbea0000 - 0x00007ff9bbed2000 	C:\WINDOWS\SYSTEM32\dbgcore.DLL
0x00007ff9cc8e0000 - 0x00007ff9cc95a000 	C:\WINDOWS\System32\bcryptPrimitives.dll
0x00007ff9b9370000 - 0x00007ff9b9396000 	C:\Users\chien\.jdks\openjdk-20.0.1\bin\java.dll

dbghelp: loaded successfully - version: 4.0.5 - missing functions: none
symbol engine: initialized successfully - sym options: 0x614 - pdb path: .;C:\Users\chien\.jdks\openjdk-20.0.1\bin;C:\WINDOWS\SYSTEM32;C:\WINDOWS\WinSxS\amd64_microsoft.windows.common-controls_6595b64144ccf1df_6.0.22621.2506_none_270c5ae97388e100;C:\Users\chien\.jdks\openjdk-20.0.1\bin\server

VM Arguments:
jvm_args: -Dnet.bytebuddy.agent.attacher.dump= 
java_command: net.bytebuddy.agent.Attacher com.sun.tools.attach.VirtualMachine 18032 C:\Users\chien\.m2\repository\net\bytebuddy\byte-buddy-agent\1.14.9\byte-buddy-agent-1.14.9.jar false 
java_class_path (initial): C:\Users\chien\.m2\repository\net\bytebuddy\byte-buddy-agent\1.14.9\byte-buddy-agent-1.14.9.jar
Launcher Type: SUN_STANDARD

[Global flags]
     intx CICompilerCount                          = 4                                         {product} {ergonomic}
     uint ConcGCThreads                            = 2                                         {product} {ergonomic}
     uint G1ConcRefinementThreads                  = 8                                         {product} {ergonomic}
   size_t G1HeapRegionSize                         = 4194304                                   {product} {ergonomic}
    uintx GCDrainStackTargetSize                   = 64                                        {product} {ergonomic}
   size_t InitialHeapSize                          = 335544320                                 {product} {ergonomic}
   size_t MarkStackSize                            = 4194304                                   {product} {ergonomic}
   size_t MaxHeapSize                              = 5314183168                                {product} {ergonomic}
   size_t MinHeapDeltaBytes                        = 4194304                                   {product} {ergonomic}
   size_t MinHeapSize                              = 8388608                                   {product} {ergonomic}
    uintx NonNMethodCodeHeapSize                   = 5839372                                {pd product} {ergonomic}
    uintx NonProfiledCodeHeapSize                  = 122909434                              {pd product} {ergonomic}
     bool PerfDisableSharedMem                     = true                                      {product} {ergonomic}
    uintx ProfiledCodeHeapSize                     = 122909434                              {pd product} {ergonomic}
    uintx ReservedCodeCacheSize                    = 251658240                              {pd product} {ergonomic}
     bool SegmentedCodeCache                       = true                                      {product} {ergonomic}
   size_t SoftMaxHeapSize                          = 5314183168                             {manageable} {ergonomic}
     bool UseCompressedClassPointers               = true                           {product lp64_product} {ergonomic}
     bool UseCompressedOops                        = true                           {product lp64_product} {ergonomic}
     bool UseG1GC                                  = true                                      {product} {ergonomic}
     bool UseLargePagesIndividualAllocation        = false                                  {pd product} {ergonomic}

Logging:
Log output configuration:
 #0: stdout all=warning uptime,level,tags foldmultilines=false
 #1: stderr all=off uptime,level,tags foldmultilines=false

Environment Variables:
PATH=F:\Users\chien\.jdks\openjdk-21.0.1\bin;C:\Users\chien\.jdks\openjdk-17\bin;C:\Program Files\Java\jdk-16.0.2\bin;C:\Program Files (x86)\Common Files\Oracle\Java\javapath;C:\WINDOWS\system32;C:\WINDOWS;C:\WINDOWS\System32\Wbem;C:\WINDOWS\System32\WindowsPowerShell\v1.0\;C:\WINDOWS\System32\OpenSSH\;C:\Program Files (x86)\GTK2-Runtime\bin;C:\Program Files (x86)\Microsoft Group Policy\Windows 10 May 2021 Update (21H1)\PolicyDefinitions\;D:\Program Files\Git\cmd;C:\Program Files\dotnet\;D:\FPC\3.2.2\bin\i386-Win32;D:\App\xampp\php;C:\ProgramData\ComposerSetup\bin;D:\Program Files\nodejs\;C:\Program Files (x86)\Microsoft SQL Server\160\Tools\Binn\;C:\Program Files\Microsoft SQL Server\160\Tools\Binn\;C:\Program Files\Microsoft SQL Server\Client SDK\ODBC\170\Tools\Binn\;C:\Program Files\Microsoft SQL Server\160\DTS\Binn\;C:\Program Files (x86)\Microsoft SQL Server\150\DTS\Binn\;C:\Program Files\Azure Data Studio\bin;C:\ProgramData\chocolatey\bin;F:\AppF\FPC\3.2.2\bin\i386-Win32;F:\Program Files\Cloudflare\Cloudflare WARP\;F:\AppF\chromedriver-win64-118.0.5993.70;D:\App\python\Scripts\;D:\App\python\;C:\Users\chien\AppData\Local\Programs\Python\Python39\Scripts\;C:\Users\chien\AppData\Local\Programs\Python\Python39\;C:\Users\chien\AppData\Local\Microsoft\WindowsApps;D:\Program Files\JetBrains\IntelliJ IDEA Community Edition 2021.3\bin;;C:\Users\chien\AppData\Roaming\Composer\vendor\bin;D:\chuanMuc\Study\Ki_moi\php-8.1.10-nts-Win32-vs16-x64;C:\Users\chien\AppData\Roaming\npm;D:\App\Microsoft VS Code\bin;C:\Program Files\Azure Data Studio\bin;D:\App\flutter\bin;D:\App\flutter;C:\tools\dart-sdk\bin;C:\Users\chien\AppData\Roaming\Pub\Cache\bin;
USERNAME=Chu?n m?c
OS=Windows_NT
PROCESSOR_IDENTIFIER=Intel64 Family 6 Model 126 Stepping 5, GenuineIntel
TMP=C:\Users\chien\AppData\Local\Temp
TEMP=C:\Users\chien\AppData\Local\Temp




---------------  S Y S T E M  ---------------

OS:
 Windows 11 , 64 bit Build 22621 (10.0.22621.2506)
OS uptime: 0 days 10:25 hours

CPU: total 8 (initial active 8) (4 cores per cpu, 2 threads per core) family 6 model 126 stepping 5 microcode 0xa6, cx8, cmov, fxsr, ht, mmx, 3dnowpref, sse, sse2, sse3, ssse3, sse4.1, sse4.2, popcnt, lzcnt, tsc, tscinvbit, avx, avx2, aes, erms, clmul, bmi1, bmi2, adx, avx512f, avx512dq, avx512cd, avx512bw, avx512vl, sha, fma, vzeroupper, avx512_vpopcntdq, avx512_vpclmulqdq, avx512_vaes, avx512_vnni, clflush, clflushopt, avx512_vbmi2, avx512_vbmi, rdtscp, rdpid, fsrm, gfni, avx512_bitalg, f16c, pku, avx512_ifma

Memory: 4k page, system-wide physical 20267M (7784M free)
TotalPageFile size 20267M (AvailPageFile size 303M)
current process WorkingSet (physical memory assigned to process): 11M, peak: 11M
current process commit charge ("private bytes"): 60M, peak: 380M

vm_info: OpenJDK 64-Bit Server VM (20.0.1+9-29) for windows-amd64 JRE (20.0.1+9-29), built on 2023-03-07T13:56:11Z by "mach5one" with MS VC++ 17.1 (VS2022)

END.
