#
# There is insufficient memory for the Java Runtime Environment to continue.
# Native memory allocation (mmap) failed to map 46137344 bytes for G1 virtual space
# Possible reasons:
#   The system is out of physical RAM or swap space
#   The process is running with CompressedOops enabled, and the Java Heap may be blocking the growth of the native heap
# Possible solutions:
#   Reduce memory load on the system
#   Increase physical memory or swap space
#   Check if swap backing store is full
#   Decrease Java heap size (-Xmx/-Xms)
#   Decrease number of Java threads
#   Decrease Java thread stack sizes (-Xss)
#   Set larger code cache with -XX:ReservedCodeCacheSize=
#   JVM is running with Zero Based Compressed Oops mode in which the Java heap is
#     placed in the first 32GB address space. The Java Heap base address is the
#     maximum limit for the native heap growth. Please use -XX:HeapBaseMinAddress
#     to set the Java Heap base and to place the Java Heap above 32GB virtual address.
# This output file may be truncated or incomplete.
#
#  Out of Memory Error (os_windows.cpp:3528), pid=17008, tid=8676
#
# JRE version: OpenJDK Runtime Environment (20.0.1+9) (build 20.0.1+9-29)
# Java VM: OpenJDK 64-Bit Server VM (20.0.1+9-29, mixed mode, sharing, tiered, compressed oops, compressed class ptrs, g1 gc, windows-amd64)
# No core dump will be written. Minidumps are not enabled by default on client versions of Windows
#

---------------  S U M M A R Y ------------

Command Line: -ea -javaagent:C:\Users\chien\AppData\Local\JetBrains\IdeaIC2022.2\testAgent\intellij-coverage-agent-1.0.673.jar=C:\Users\chien\AppData\Local\Temp\coverage2args -Didea.new.sampling.coverage=true -Dcoverage.ignore.private.constructor.util.class=true -Didea.test.cyclic.buffer.size=1048576 -javaagent:D:\Program Files\JetBrains\IntelliJ IDEA Community Edition 2021.3\lib\idea_rt.jar=50825:D:\Program Files\JetBrains\IntelliJ IDEA Community Edition 2021.3\bin -Dfile.encoding=UTF-8 -Dsun.stdout.encoding=UTF-8 -Dsun.stderr.encoding=UTF-8 com.intellij.rt.junit.JUnitStarter -ideVersion5 -junit5 @w@C:\Users\chien\AppData\Local\Temp\idea_working_dirs_junit.tmp @C:\Users\chien\AppData\Local\Temp\idea_junit.tmp -socket50824

Host: Intel(R) Core(TM) i5-1035G1 CPU @ 1.00GHz, 8 cores, 19G,  Windows 11 , 64 bit Build 22621 (10.0.22621.2506)
Time: Sat Dec  9 19:38:11 2023 SE Asia Standard Time elapsed time: 24.609701 seconds (0d 0h 0m 24s)

---------------  T H R E A D  ---------------

Current thread (0x0000023369f90180):  VMThread "VM Thread" [stack: 0x000000a3e3300000,0x000000a3e3400000] [id=8676]

Stack: [0x000000a3e3300000,0x000000a3e3400000]
Native frames: (J=compiled Java code, j=interpreted, Vv=VM code, C=native code)
V  [jvm.dll+0x6bb95a]
V  [jvm.dll+0x8485fa]
V  [jvm.dll+0x84a1f5]
V  [jvm.dll+0x84a8f3]
V  [jvm.dll+0x280b0f]
V  [jvm.dll+0x6b86e9]
V  [jvm.dll+0x6ad2da]
V  [jvm.dll+0x35adf5]
V  [jvm.dll+0x363016]
V  [jvm.dll+0x3b3b3e]
V  [jvm.dll+0x3b3dc5]
V  [jvm.dll+0x32b50a]
V  [jvm.dll+0x32b5b7]
V  [jvm.dll+0x373942]
V  [jvm.dll+0x372140]
V  [jvm.dll+0x32ac51]
V  [jvm.dll+0x371836]
V  [jvm.dll+0x85023e]
V  [jvm.dll+0x851351]
V  [jvm.dll+0x851859]
V  [jvm.dll+0x851ad3]
V  [jvm.dll+0x7f4b56]
V  [jvm.dll+0x6ba5cb]
C  [ucrtbase.dll+0x29363]
C  [KERNEL32.DLL+0x1257d]
C  [ntdll.dll+0x5aa58]

VM_Operation (0x000000a3e2df97c0): G1CollectForAllocation, mode: safepoint, requested by thread 0x0000023347b53650


---------------  P R O C E S S  ---------------

Threads class SMR info:
_java_thread_list=0x00000233756c2b90, length=21, elements={
0x0000023347b53650, 0x0000023369fab120, 0x0000023369fac010, 0x0000023369faf2d0,
0x0000023369fb0f10, 0x0000023369fb5960, 0x0000023369fb84d0, 0x000002336e808be0,
0x0000023369fbc6d0, 0x000002336ea20d30, 0x000002336ea21280, 0x000002336ea22d10,
0x0000023371d255b0, 0x0000023375d0aff0, 0x0000023374237ee0, 0x000002337423bea0,
0x000002337674deb0, 0x000002337674c870, 0x00000233780a5d40, 0x00000233780aa250,
0x00000233780a52a0
}

Java Threads: ( => current thread )
  0x0000023347b53650 JavaThread "main" [_thread_blocked, id=8436, stack(0x000000a3e2d00000,0x000000a3e2e00000)]
  0x0000023369fab120 JavaThread "Reference Handler" daemon [_thread_blocked, id=8152, stack(0x000000a3e3400000,0x000000a3e3500000)]
  0x0000023369fac010 JavaThread "Finalizer" daemon [_thread_blocked, id=7484, stack(0x000000a3e3500000,0x000000a3e3600000)]
  0x0000023369faf2d0 JavaThread "Signal Dispatcher" daemon [_thread_blocked, id=9132, stack(0x000000a3e3600000,0x000000a3e3700000)]
  0x0000023369fb0f10 JavaThread "Attach Listener" daemon [_thread_blocked, id=8148, stack(0x000000a3e3700000,0x000000a3e3800000)]
  0x0000023369fb5960 JavaThread "Service Thread" daemon [_thread_blocked, id=8432, stack(0x000000a3e3800000,0x000000a3e3900000)]
  0x0000023369fb84d0 JavaThread "Monitor Deflation Thread" daemon [_thread_blocked, id=7464, stack(0x000000a3e3900000,0x000000a3e3a00000)]
  0x000002336e808be0 JavaThread "C2 CompilerThread0" daemon [_thread_blocked, id=5528, stack(0x000000a3e3a00000,0x000000a3e3b00000)]
  0x0000023369fbc6d0 JavaThread "C1 CompilerThread0" daemon [_thread_blocked, id=7728, stack(0x000000a3e3b00000,0x000000a3e3c00000)]
  0x000002336ea20d30 JavaThread "Common-Cleaner" daemon [_thread_blocked, id=10432, stack(0x000000a3e3c00000,0x000000a3e3d00000)]
  0x000002336ea21280 JavaThread "Monitor Ctrl-Break" daemon [_thread_in_native, id=8440, stack(0x000000a3e3e00000,0x000000a3e3f00000)]
  0x000002336ea22d10 JavaThread "Notification Thread" daemon [_thread_blocked, id=7836, stack(0x000000a3e3f00000,0x000000a3e4000000)]
  0x0000023371d255b0 JavaThread "mysql-cj-abandoned-connection-cleanup" daemon [_thread_blocked, id=5896, stack(0x000000a3e4900000,0x000000a3e4a00000)]
  0x0000023375d0aff0 JavaThread "HikariPool-1 housekeeper" daemon [_thread_blocked, id=1632, stack(0x000000a3e4700000,0x000000a3e4800000)]
  0x0000023374237ee0 JavaThread "MessageBroker-1" [_thread_blocked, id=14716, stack(0x000000a3e4b00000,0x000000a3e4c00000)]
  0x000002337423bea0 JavaThread "MessageBroker-2" [_thread_blocked, id=17252, stack(0x000000a3e4d00000,0x000000a3e4e00000)]
  0x000002337674deb0 JavaThread "C2 CompilerThread1" daemon [_thread_in_native, id=2752, stack(0x000000a3e3d00000,0x000000a3e3e00000)]
  0x000002337674c870 JavaThread "C2 CompilerThread2" daemon [_thread_blocked, id=4080, stack(0x000000a3e4c00000,0x000000a3e4d00000)]
  0x00000233780a5d40 JavaThread "MessageBroker-3" [_thread_blocked, id=1804, stack(0x000000a3e4e00000,0x000000a3e4f00000)]
  0x00000233780aa250 JavaThread "HikariPool-2 housekeeper" daemon [_thread_blocked, id=1908, stack(0x000000a3e4f00000,0x000000a3e5000000)]
  0x00000233780a52a0 JavaThread "HikariPool-2 connection adder" daemon [_thread_blocked, id=8796, stack(0x000000a3e5000000,0x000000a3e5100000)]

Other Threads:
=>0x0000023369f90180 VMThread "VM Thread" [stack: 0x000000a3e3300000,0x000000a3e3400000] [id=8676]
  0x000002336eb7b5c0 WatcherThread "VM Periodic Task Thread" [stack: 0x000000a3e4000000,0x000000a3e4100000] [id=14580]
  0x0000023347b6dec0 WorkerThread "GC Thread#0" [stack: 0x000000a3e2e00000,0x000000a3e2f00000] [id=17300]
  0x000002336f5e6b50 WorkerThread "GC Thread#1" [stack: 0x000000a3e4100000,0x000000a3e4200000] [id=13936]
  0x000002336f5e6010 WorkerThread "GC Thread#2" [stack: 0x000000a3e4200000,0x000000a3e4300000] [id=2688]
  0x000002336f5e6880 WorkerThread "GC Thread#3" [stack: 0x000000a3e4300000,0x000000a3e4400000] [id=9204]
  0x000002336f5e62e0 WorkerThread "GC Thread#4" [stack: 0x000000a3e4400000,0x000000a3e4500000] [id=1948]
  0x000002336f5e6e20 WorkerThread "GC Thread#5" [stack: 0x000000a3e4500000,0x000000a3e4600000] [id=6448]
  0x000002336f5e65b0 WorkerThread "GC Thread#6" [stack: 0x000000a3e4600000,0x000000a3e4700000] [id=17288]
  0x000002337154fd80 WorkerThread "GC Thread#7" [stack: 0x000000a3e4800000,0x000000a3e4900000] [id=2612]
  0x0000023347b78b30 ConcurrentGCThread "G1 Main Marker" [stack: 0x000000a3e2f00000,0x000000a3e3000000] [id=5872]
  0x0000023347b79470 WorkerThread "G1 Conc#0" [stack: 0x000000a3e3000000,0x000000a3e3100000] [id=13344]
  0x0000023371551130 WorkerThread "G1 Conc#1" [stack: 0x000000a3e4a00000,0x000000a3e4b00000] [id=11340]
  0x0000023369e517a0 ConcurrentGCThread "G1 Refine#0" [stack: 0x000000a3e3100000,0x000000a3e3200000] [id=2492]
  0x0000023369e52240 ConcurrentGCThread "G1 Service" [stack: 0x000000a3e3200000,0x000000a3e3300000] [id=752]

Threads with active compile tasks:
C2 CompilerThread0    24659 12513       4       org.hibernate.query.sqm.sql.internal.SqlAstProcessingStateImpl::resolveSqlExpression (115 bytes)
C1 CompilerThread0    24659 12598       3       org.h2.command.Parser::<init> (177 bytes)
C2 CompilerThread1    24659 12442       4       org.hibernate.sql.ast.spi.AbstractSqlAstTranslator::visitColumnReference (345 bytes)
C2 CompilerThread2    24660 12580       4       ch.qos.logback.classic.spi.StackTraceElementProxy::toString (20 bytes)

VM state: at safepoint (normal execution)

VM Mutex/Monitor currently owned by a thread:  ([mutex/lock_event])
[0x0000023347b4ed40] Threads_lock - owner thread: 0x0000023369f90180
[0x0000023347b4dab0] Heap_lock - owner thread: 0x0000023347b53650

Heap address: 0x00000006c3400000, size: 5068 MB, Compressed Oops mode: Zero based, Oop shift amount: 3

CDS archive(s) mapped at: [0x0000000800000000-0x0000000800c60000-0x0000000800c60000), size 12976128, SharedBaseAddress: 0x0000000800000000, ArchiveRelocationMode: 0.
Compressed class space mapped at: 0x0000000801000000-0x0000000841000000, reserved size: 1073741824
Narrow klass base: 0x0000000800000000, Narrow klass shift: 0, Narrow klass range: 0x100000000

GC Precious Log:
 CardTable entry size: 512
 Card Set container configuration: InlinePtr #cards 4 size 8 Array Of Cards #cards 32 size 80 Howl #buckets 8 coarsen threshold 7372 Howl Bitmap #cards 1024 size 144 coarsen threshold 921 Card regions per heap region 1 cards per card region 8192
 CPUs: 8 total, 8 available
 Memory: 20267M
 Large Page Support: Disabled
 NUMA Support: Disabled
 Compressed Oops: Enabled (Zero based)
 Heap Region Size: 4M
 Heap Min Capacity: 8M
 Heap Initial Capacity: 320M
 Heap Max Capacity: 5068M
 Pre-touch: Disabled
 Parallel Workers: 8
 Concurrent Workers: 2
 Concurrent Refinement Workers: 8
 Periodic GC: Disabled

Heap:
 garbage-first heap   total 217088K, used 123077K [0x00000006c3400000, 0x0000000800000000)
  region size 4096K, 3 young (12288K), 3 survivors (12288K)
 Metaspace       used 89944K, committed 90816K, reserved 1179648K
  class space    used 10667K, committed 11072K, reserved 1048576K

Heap Regions: E=young(eden), S=young(survivor), O=old, HS=humongous(starts), HC=humongous(continues), CS=collection set, F=free, OA=open archive, CA=closed archive, TAMS=top-at-mark-start, PB=parsable bottom
|   0|0x00000006c3400000, 0x00000006c3800000, 0x00000006c3800000|100%| O|  |TAMS 0x00000006c3400000| PB 0x00000006c3400000| Untracked 
|   1|0x00000006c3800000, 0x00000006c3c00000, 0x00000006c3c00000|100%| O|  |TAMS 0x00000006c3800000| PB 0x00000006c3800000| Untracked 
|   2|0x00000006c3c00000, 0x00000006c4000000, 0x00000006c4000000|100%| O|  |TAMS 0x00000006c3c00000| PB 0x00000006c3c00000| Untracked 
|   3|0x00000006c4000000, 0x00000006c4400000, 0x00000006c4400000|100%| O|  |TAMS 0x00000006c4000000| PB 0x00000006c4000000| Untracked 
|   4|0x00000006c4400000, 0x00000006c4800000, 0x00000006c4800000|100%| O|  |TAMS 0x00000006c4400000| PB 0x00000006c4400000| Untracked 
|   5|0x00000006c4800000, 0x00000006c4c00000, 0x00000006c4c00000|100%| O|  |TAMS 0x00000006c4800000| PB 0x00000006c4800000| Untracked 
|   6|0x00000006c4c00000, 0x00000006c5000000, 0x00000006c5000000|100%| O|  |TAMS 0x00000006c4c00000| PB 0x00000006c4c00000| Untracked 
|   7|0x00000006c5000000, 0x00000006c5000000, 0x00000006c5400000|  0%| F|  |TAMS 0x00000006c5000000| PB 0x00000006c5000000| Untracked 
|   8|0x00000006c5400000, 0x00000006c5800000, 0x00000006c5800000|100%| O|  |TAMS 0x00000006c5400000| PB 0x00000006c5400000| Untracked 
|   9|0x00000006c5800000, 0x00000006c5c00000, 0x00000006c5c00000|100%| O|  |TAMS 0x00000006c5800000| PB 0x00000006c5800000| Untracked 
|  10|0x00000006c5c00000, 0x00000006c6000000, 0x00000006c6000000|100%| O|  |TAMS 0x00000006c5c00000| PB 0x00000006c5c00000| Untracked 
|  11|0x00000006c6000000, 0x00000006c6400000, 0x00000006c6400000|100%| O|  |TAMS 0x00000006c6000000| PB 0x00000006c6000000| Untracked 
|  12|0x00000006c6400000, 0x00000006c6800000, 0x00000006c6800000|100%| O|  |TAMS 0x00000006c6400000| PB 0x00000006c6400000| Untracked 
|  13|0x00000006c6800000, 0x00000006c6c00000, 0x00000006c6c00000|100%| O|  |TAMS 0x00000006c6800000| PB 0x00000006c6800000| Untracked 
|  14|0x00000006c6c00000, 0x00000006c7000000, 0x00000006c7000000|100%| O|  |TAMS 0x00000006c6c00000| PB 0x00000006c6c00000| Untracked 
|  15|0x00000006c7000000, 0x00000006c7400000, 0x00000006c7400000|100%| O|  |TAMS 0x00000006c7000000| PB 0x00000006c7000000| Untracked 
|  16|0x00000006c7400000, 0x00000006c7800000, 0x00000006c7800000|100%| O|  |TAMS 0x00000006c7400000| PB 0x00000006c7400000| Untracked 
|  17|0x00000006c7800000, 0x00000006c7c00000, 0x00000006c7c00000|100%| O|  |TAMS 0x00000006c7800000| PB 0x00000006c7800000| Untracked 
|  18|0x00000006c7c00000, 0x00000006c8000000, 0x00000006c8000000|100%| O|  |TAMS 0x00000006c7c00000| PB 0x00000006c7c00000| Untracked 
|  19|0x00000006c8000000, 0x00000006c8400000, 0x00000006c8400000|100%| O|  |TAMS 0x00000006c8000000| PB 0x00000006c8000000| Untracked 
|  20|0x00000006c8400000, 0x00000006c8800000, 0x00000006c8800000|100%| O|  |TAMS 0x00000006c8400000| PB 0x00000006c8400000| Untracked 
|  21|0x00000006c8800000, 0x00000006c8c00000, 0x00000006c8c00000|100%| O|  |TAMS 0x00000006c8800000| PB 0x00000006c8800000| Untracked 
|  22|0x00000006c8c00000, 0x00000006c9000000, 0x00000006c9000000|100%| O|  |TAMS 0x00000006c8c00000| PB 0x00000006c8c00000| Untracked 
|  23|0x00000006c9000000, 0x00000006c9400000, 0x00000006c9400000|100%| O|  |TAMS 0x00000006c9000000| PB 0x00000006c9000000| Untracked 
|  24|0x00000006c9400000, 0x00000006c9800000, 0x00000006c9800000|100%| O|  |TAMS 0x00000006c9400000| PB 0x00000006c9400000| Untracked 
|  25|0x00000006c9800000, 0x00000006c9c00000, 0x00000006c9c00000|100%| O|  |TAMS 0x00000006c9800000| PB 0x00000006c9800000| Untracked 
|  26|0x00000006c9c00000, 0x00000006ca000000, 0x00000006ca000000|100%| O|  |TAMS 0x00000006c9c00000| PB 0x00000006c9c00000| Untracked 
|  27|0x00000006ca000000, 0x00000006ca400000, 0x00000006ca400000|100%| O|  |TAMS 0x00000006ca000000| PB 0x00000006ca000000| Untracked 
|  28|0x00000006ca400000, 0x00000006ca4e5e00, 0x00000006ca800000| 22%| O|  |TAMS 0x00000006ca400000| PB 0x00000006ca400000| Untracked 
|  29|0x00000006ca800000, 0x00000006ca800000, 0x00000006cac00000|  0%| F|  |TAMS 0x00000006ca800000| PB 0x00000006ca800000| Untracked 
|  30|0x00000006cac00000, 0x00000006cac00000, 0x00000006cb000000|  0%| F|  |TAMS 0x00000006cac00000| PB 0x00000006cac00000| Untracked 
|  31|0x00000006cb000000, 0x00000006cb000000, 0x00000006cb400000|  0%| F|  |TAMS 0x00000006cb000000| PB 0x00000006cb000000| Untracked 
|  32|0x00000006cb400000, 0x00000006cb400000, 0x00000006cb800000|  0%| F|  |TAMS 0x00000006cb400000| PB 0x00000006cb400000| Untracked 
|  33|0x00000006cb800000, 0x00000006cbb4b640, 0x00000006cbc00000| 82%| S|CS|TAMS 0x00000006cb800000| PB 0x00000006cb800000| Complete 
|  34|0x00000006cbc00000, 0x00000006cbc00000, 0x00000006cc000000|  0%| F|  |TAMS 0x00000006cbc00000| PB 0x00000006cbc00000| Untracked 
|  35|0x00000006cc000000, 0x00000006cc400000, 0x00000006cc400000|100%| S|CS|TAMS 0x00000006cc000000| PB 0x00000006cc000000| Complete 
|  36|0x00000006cc400000, 0x00000006cc800000, 0x00000006cc800000|100%| S|CS|TAMS 0x00000006cc400000| PB 0x00000006cc400000| Complete 
|  37|0x00000006cc800000, 0x00000006cc800000, 0x00000006ccc00000|  0%| F|  |TAMS 0x00000006cc800000| PB 0x00000006cc800000| Untracked 
|  38|0x00000006ccc00000, 0x00000006ccc00000, 0x00000006cd000000|  0%| F|  |TAMS 0x00000006ccc00000| PB 0x00000006ccc00000| Untracked 
|  39|0x00000006cd000000, 0x00000006cd000000, 0x00000006cd400000|  0%| F|  |TAMS 0x00000006cd000000| PB 0x00000006cd000000| Untracked 
|  40|0x00000006cd400000, 0x00000006cd400000, 0x00000006cd800000|  0%| F|  |TAMS 0x00000006cd400000| PB 0x00000006cd400000| Untracked 
|  41|0x00000006cd800000, 0x00000006cd800000, 0x00000006cdc00000|  0%| F|  |TAMS 0x00000006cd800000| PB 0x00000006cd800000| Untracked 
|  42|0x00000006cdc00000, 0x00000006cdc00000, 0x00000006ce000000|  0%| F|  |TAMS 0x00000006cdc00000| PB 0x00000006cdc00000| Untracked 
|  43|0x00000006ce000000, 0x00000006ce000000, 0x00000006ce400000|  0%| F|  |TAMS 0x00000006ce000000| PB 0x00000006ce000000| Untracked 
|  44|0x00000006ce400000, 0x00000006ce400000, 0x00000006ce800000|  0%| F|  |TAMS 0x00000006ce400000| PB 0x00000006ce400000| Untracked 
|  45|0x00000006ce800000, 0x00000006ce800000, 0x00000006cec00000|  0%| F|  |TAMS 0x00000006ce800000| PB 0x00000006ce800000| Untracked 
|  46|0x00000006cec00000, 0x00000006cec00000, 0x00000006cf000000|  0%| F|  |TAMS 0x00000006cec00000| PB 0x00000006cec00000| Untracked 
|  47|0x00000006cf000000, 0x00000006cf000000, 0x00000006cf400000|  0%| F|  |TAMS 0x00000006cf000000| PB 0x00000006cf000000| Untracked 
|  68|0x00000006d4400000, 0x00000006d4400000, 0x00000006d4800000|  0%| F|  |TAMS 0x00000006d4400000| PB 0x00000006d4400000| Untracked 
|  69|0x00000006d4800000, 0x00000006d4800000, 0x00000006d4c00000|  0%| F|  |TAMS 0x00000006d4800000| PB 0x00000006d4800000| Untracked 
|  70|0x00000006d4c00000, 0x00000006d4c00000, 0x00000006d5000000|  0%| F|  |TAMS 0x00000006d4c00000| PB 0x00000006d4c00000| Untracked 
|  71|0x00000006d5000000, 0x00000006d5000000, 0x00000006d5400000|  0%| F|  |TAMS 0x00000006d5000000| PB 0x00000006d5000000| Untracked 
|  79|0x00000006d7000000, 0x00000006d7000000, 0x00000006d7400000|  0%| F|  |TAMS 0x00000006d7000000| PB 0x00000006d7000000| Untracked 

Card table byte_map: [0x0000023361830000,0x0000023362220000] _byte_map_base: 0x000002335e216000

Marking Bits: (CMBitMap*) 0x0000023347b6e400
 Bits: [0x0000023362c10000, 0x0000023367b40000)

Polling page: 0x0000023347bf0000

Metaspace:

Usage:
  Non-class:     77.42 MB used.
      Class:     10.42 MB used.
       Both:     87.84 MB used.

Virtual space:
  Non-class space:      128.00 MB reserved,      77.88 MB ( 61%) committed,  2 nodes.
      Class space:        1.00 GB reserved,      10.81 MB (  1%) committed,  1 nodes.
             Both:        1.12 GB reserved,      88.69 MB (  8%) committed. 

Chunk freelists:
   Non-Class:  2.14 MB
       Class:  1.23 MB
        Both:  3.38 MB

MaxMetaspaceSize: unlimited
CompressedClassSpaceSize: 1.00 GB
Initial GC threshold: 21.00 MB
Current GC threshold: 143.06 MB
CDS: on
MetaspaceReclaimPolicy: balanced
 - commit_granule_bytes: 65536.
 - commit_granule_words: 8192.
 - virtual_space_node_default_size: 8388608.
 - enlarge_chunks_in_place: 1.
 - new_chunks_are_fully_committed: 0.
 - uncommit_free_chunks: 1.
 - use_allocation_guard: 0.


Internal statistics:

num_allocs_failed_limit: 9.
num_arena_births: 1328.
num_arena_deaths: 2.
num_vsnodes_births: 3.
num_vsnodes_deaths: 0.
num_space_committed: 1419.
num_space_uncommitted: 0.
num_chunks_returned_to_freelist: 12.
num_chunks_taken_from_freelist: 4759.
num_chunk_merges: 9.
num_chunk_splits: 3400.
num_chunks_enlarged: 2666.
num_inconsistent_stats: 0.

CodeHeap 'non-profiled nmethods': size=120000Kb used=7775Kb max_used=7775Kb free=112225Kb
 bounds [0x0000023358ea0000, 0x0000023359640000, 0x00000233603d0000]
CodeHeap 'profiled nmethods': size=120000Kb used=20250Kb max_used=20250Kb free=99750Kb
 bounds [0x00000233513d0000, 0x00000233527a0000, 0x0000023358900000]
CodeHeap 'non-nmethods': size=5760Kb used=1916Kb max_used=1986Kb free=3843Kb
 bounds [0x0000023358900000, 0x0000023358b70000, 0x0000023358ea0000]
 total_blobs=11284 nmethods=10566 adapters=627
 compilation: enabled
              stopped_count=0, restarted_count=0
 full_count=0

Compilation events (20 events):
Event: 24.566 Thread 0x0000023369fbc6d0 nmethod 12590 0x000002335278d690 code [0x000002335278d820, 0x000002335278da50]
Event: 24.566 Thread 0x0000023369fbc6d0 12591       3       org.hibernate.dialect.Dialect::supportsColumnCheck (17 bytes)
Event: 24.567 Thread 0x0000023369fbc6d0 nmethod 12591 0x000002335278db10 code [0x000002335278dca0, 0x000002335278ddd0]
Event: 24.567 Thread 0x0000023369fbc6d0 12592       3       org.h2.engine.SessionLocal::isVariableBinary (32 bytes)
Event: 24.567 Thread 0x0000023369fbc6d0 nmethod 12592 0x000002335278de90 code [0x000002335278e040, 0x000002335278e288]
Event: 24.567 Thread 0x0000023369fbc6d0 12593       3       org.h2.engine.SessionLocal::getNonKeywords (32 bytes)
Event: 24.568 Thread 0x0000023369fbc6d0 nmethod 12593 0x000002335278e390 code [0x000002335278e540, 0x000002335278e790]
Event: 24.568 Thread 0x0000023369fbc6d0 12594       3       org.h2.command.Parser::parseTableColumnDefinition (282 bytes)
Event: 24.570 Thread 0x0000023369fbc6d0 nmethod 12594 0x000002335278e890 code [0x000002335278eb20, 0x000002335278f678]
Event: 24.570 Thread 0x0000023369fbc6d0 12597   !   3       java.util.concurrent.ConcurrentHashMap::putVal (432 bytes)
Event: 24.573 Thread 0x0000023369fbc6d0 nmethod 12597 0x000002335278fb90 code [0x000002335278fee0, 0x0000023352791a38]
Event: 24.573 Thread 0x0000023369fbc6d0 12600       3       org.h2.command.Parser::initialize (400 bytes)
Event: 24.576 Thread 0x0000023369fbc6d0 nmethod 12600 0x0000023352792390 code [0x00000233527926c0, 0x00000233527940d8]
Event: 24.576 Thread 0x0000023369fbc6d0 12595       3       org.h2.value.TypeInfo::getTypeInfo (2148 bytes)
Event: 24.582 Thread 0x0000023369fbc6d0 nmethod 12595 0x0000023352794a90 code [0x0000023352795120, 0x0000023352799900]
Event: 24.582 Thread 0x0000023369fbc6d0 12601       3       java.time.format.DateTimeFormatterBuilder$CharLiteralPrinterParser::format (11 bytes)
Event: 24.582 Thread 0x0000023369fbc6d0 nmethod 12601 0x000002335279aa10 code [0x000002335279aba0, 0x000002335279ad50]
Event: 24.582 Thread 0x0000023369fbc6d0 12602       3       java.util.concurrent.atomic.AtomicLong::<init> (10 bytes)
Event: 24.583 Thread 0x0000023369fbc6d0 nmethod 12602 0x000002335279ae90 code [0x000002335279b020, 0x000002335279b200]
Event: 24.583 Thread 0x0000023369fbc6d0 12598       3       org.h2.command.Parser::<init> (177 bytes)

GC Heap History (20 events):
Event: 11.719 GC heap after
{Heap after GC invocations=18 (full 0):
 garbage-first heap   total 180224K, used 74045K [0x00000006c3400000, 0x0000000800000000)
  region size 4096K, 2 young (8192K), 2 survivors (8192K)
 Metaspace       used 59502K, committed 60160K, reserved 1114112K
  class space    used 7047K, committed 7360K, reserved 1048576K
}
Event: 13.069 GC heap before
{Heap before GC invocations=19 (full 0):
 garbage-first heap   total 180224K, used 155965K [0x00000006c3400000, 0x0000000800000000)
  region size 4096K, 22 young (90112K), 2 survivors (8192K)
 Metaspace       used 63621K, committed 64256K, reserved 1114112K
  class space    used 7700K, committed 8000K, reserved 1048576K
}
Event: 13.081 GC heap after
{Heap after GC invocations=20 (full 0):
 garbage-first heap   total 180224K, used 82311K [0x00000006c3400000, 0x0000000800000000)
  region size 4096K, 3 young (12288K), 3 survivors (12288K)
 Metaspace       used 63621K, committed 64256K, reserved 1114112K
  class space    used 7700K, committed 8000K, reserved 1048576K
}
Event: 13.923 GC heap before
{Heap before GC invocations=20 (full 0):
 garbage-first heap   total 180224K, used 151943K [0x00000006c3400000, 0x0000000800000000)
  region size 4096K, 20 young (81920K), 3 survivors (12288K)
 Metaspace       used 67745K, committed 68416K, reserved 1114112K
  class space    used 8190K, committed 8512K, reserved 1048576K
}
Event: 13.944 GC heap after
{Heap after GC invocations=21 (full 0):
 garbage-first heap   total 180224K, used 89386K [0x00000006c3400000, 0x0000000800000000)
  region size 4096K, 2 young (8192K), 2 survivors (8192K)
 Metaspace       used 67745K, committed 68416K, reserved 1114112K
  class space    used 8190K, committed 8512K, reserved 1048576K
}
Event: 15.669 GC heap before
{Heap before GC invocations=21 (full 0):
 garbage-first heap   total 180224K, used 159018K [0x00000006c3400000, 0x0000000800000000)
  region size 4096K, 19 young (77824K), 2 survivors (8192K)
 Metaspace       used 71759K, committed 72384K, reserved 1114112K
  class space    used 8625K, committed 8896K, reserved 1048576K
}
Event: 15.716 GC heap after
{Heap after GC invocations=22 (full 0):
 garbage-first heap   total 180224K, used 94572K [0x00000006c3400000, 0x0000000800000000)
  region size 4096K, 2 young (8192K), 2 survivors (8192K)
 Metaspace       used 71759K, committed 72384K, reserved 1114112K
  class space    used 8625K, committed 8896K, reserved 1048576K
}
Event: 16.923 GC heap before
{Heap before GC invocations=23 (full 0):
 garbage-first heap   total 180224K, used 156012K [0x00000006c3400000, 0x0000000800000000)
  region size 4096K, 17 young (69632K), 2 survivors (8192K)
 Metaspace       used 74128K, committed 74816K, reserved 1179648K
  class space    used 8961K, committed 9280K, reserved 1048576K
}
Event: 16.937 GC heap after
{Heap after GC invocations=24 (full 0):
 garbage-first heap   total 180224K, used 97131K [0x00000006c3400000, 0x0000000800000000)
  region size 4096K, 2 young (8192K), 2 survivors (8192K)
 Metaspace       used 74128K, committed 74816K, reserved 1179648K
  class space    used 8961K, committed 9280K, reserved 1048576K
}
Event: 17.737 GC heap before
{Heap before GC invocations=24 (full 0):
 garbage-first heap   total 180224K, used 158571K [0x00000006c3400000, 0x0000000800000000)
  region size 4096K, 17 young (69632K), 2 survivors (8192K)
 Metaspace       used 75008K, committed 75712K, reserved 1179648K
  class space    used 9025K, committed 9344K, reserved 1048576K
}
Event: 17.752 GC heap after
{Heap after GC invocations=25 (full 0):
 garbage-first heap   total 217088K, used 97475K [0x00000006c3400000, 0x0000000800000000)
  region size 4096K, 2 young (8192K), 2 survivors (8192K)
 Metaspace       used 75008K, committed 75712K, reserved 1179648K
  class space    used 9025K, committed 9344K, reserved 1048576K
}
Event: 18.708 GC heap before
{Heap before GC invocations=25 (full 0):
 garbage-first heap   total 217088K, used 187587K [0x00000006c3400000, 0x0000000800000000)
  region size 4096K, 24 young (98304K), 2 survivors (8192K)
 Metaspace       used 78832K, committed 79616K, reserved 1179648K
  class space    used 9462K, committed 9856K, reserved 1048576K
}
Event: 18.721 GC heap after
{Heap after GC invocations=26 (full 0):
 garbage-first heap   total 217088K, used 103670K [0x00000006c3400000, 0x0000000800000000)
  region size 4096K, 3 young (12288K), 3 survivors (12288K)
 Metaspace       used 78832K, committed 79616K, reserved 1179648K
  class space    used 9462K, committed 9856K, reserved 1048576K
}
Event: 20.389 GC heap before
{Heap before GC invocations=26 (full 0):
 garbage-first heap   total 217088K, used 185590K [0x00000006c3400000, 0x0000000800000000)
  region size 4096K, 23 young (94208K), 3 survivors (12288K)
 Metaspace       used 82729K, committed 83584K, reserved 1179648K
  class space    used 9939K, committed 10304K, reserved 1048576K
}
Event: 20.408 GC heap after
{Heap after GC invocations=27 (full 0):
 garbage-first heap   total 217088K, used 108002K [0x00000006c3400000, 0x0000000800000000)
  region size 4096K, 3 young (12288K), 3 survivors (12288K)
 Metaspace       used 82729K, committed 83584K, reserved 1179648K
  class space    used 9939K, committed 10304K, reserved 1048576K
}
Event: 21.485 GC heap before
{Heap before GC invocations=27 (full 0):
 garbage-first heap   total 217088K, used 181730K [0x00000006c3400000, 0x0000000800000000)
  region size 4096K, 22 young (90112K), 3 survivors (12288K)
 Metaspace       used 86475K, committed 87360K, reserved 1179648K
  class space    used 10370K, committed 10752K, reserved 1048576K
}
Event: 21.500 GC heap after
{Heap after GC invocations=28 (full 0):
 garbage-first heap   total 217088K, used 112208K [0x00000006c3400000, 0x0000000800000000)
  region size 4096K, 3 young (12288K), 3 survivors (12288K)
 Metaspace       used 86475K, committed 87360K, reserved 1179648K
  class space    used 10370K, committed 10752K, reserved 1048576K
}
Event: 22.947 GC heap before
{Heap before GC invocations=29 (full 0):
 garbage-first heap   total 217088K, used 185936K [0x00000006c3400000, 0x0000000800000000)
  region size 4096K, 21 young (86016K), 3 survivors (12288K)
 Metaspace       used 88996K, committed 89792K, reserved 1179648K
  class space    used 10638K, committed 11008K, reserved 1048576K
}
Event: 22.963 GC heap after
{Heap after GC invocations=30 (full 0):
 garbage-first heap   total 217088K, used 118548K [0x00000006c3400000, 0x0000000800000000)
  region size 4096K, 3 young (12288K), 3 survivors (12288K)
 Metaspace       used 88996K, committed 89792K, reserved 1179648K
  class space    used 10638K, committed 11008K, reserved 1048576K
}
Event: 24.583 GC heap before
{Heap before GC invocations=30 (full 0):
 garbage-first heap   total 217088K, used 184084K [0x00000006c3400000, 0x0000000800000000)
  region size 4096K, 19 young (77824K), 3 survivors (12288K)
 Metaspace       used 89944K, committed 90816K, reserved 1179648K
  class space    used 10667K, committed 11072K, reserved 1048576K
}

Dll operation events (13 events):
Event: 0.061 Loaded shared library C:\Users\chien\.jdks\openjdk-20.0.1\bin\java.dll
Event: 0.062 Loaded shared library C:\Users\chien\.jdks\openjdk-20.0.1\bin\zip.dll
Event: 0.077 Loaded shared library C:\Users\chien\.jdks\openjdk-20.0.1\bin\jsvml.dll
Event: 0.355 Loaded shared library C:\Users\chien\.jdks\openjdk-20.0.1\bin\instrument.dll
Event: 0.378 Loaded shared library C:\Users\chien\.jdks\openjdk-20.0.1\bin\zip.dll
Event: 0.384 Loaded shared library C:\Users\chien\.jdks\openjdk-20.0.1\bin\jimage.dll
Event: 0.435 Loaded shared library C:\Users\chien\.jdks\openjdk-20.0.1\bin\net.dll
Event: 0.437 Loaded shared library C:\Users\chien\.jdks\openjdk-20.0.1\bin\nio.dll
Event: 0.485 Loaded shared library D:\Program Files\JetBrains\IntelliJ IDEA Community Edition 2021.3\bin\breakgen64.dll
Event: 0.497 Loaded shared library C:\Users\chien\.jdks\openjdk-20.0.1\bin\extnet.dll
Event: 1.071 Loaded shared library C:\Users\chien\.jdks\openjdk-20.0.1\bin\verify.dll
Event: 21.218 Loaded shared library C:\Users\chien\.jdks\openjdk-20.0.1\bin\management.dll
Event: 21.221 Loaded shared library C:\Users\chien\.jdks\openjdk-20.0.1\bin\management_ext.dll

Deoptimization events (20 events):
Event: 24.552 Thread 0x0000023347b53650 Uncommon trap: trap_request=0xffffffde fr.pc=0x000002335955e184 relative=0x00000000000010a4
Event: 24.552 Thread 0x0000023347b53650 Uncommon trap: reason=class_check action=maybe_recompile pc=0x000002335955e184 method=org.h2.index.Index.getCostRangeIndex([IJ[Lorg/h2/table/TableFilter;ILorg/h2/result/SortOrder;ZLorg/h2/command/query/AllColumnsForPlan;)J @ 1207 c2
Event: 24.552 Thread 0x0000023347b53650 DEOPT PACKING pc=0x000002335955e184 sp=0x000000a3e2dfa2d0
Event: 24.552 Thread 0x0000023347b53650 DEOPT UNPACKING pc=0x000002335891d2a2 sp=0x000000a3e2dfa218 mode 2
Event: 24.552 Thread 0x0000023347b53650 Uncommon trap: trap_request=0xffffff45 fr.pc=0x0000023359581fb4 relative=0x0000000000000374
Event: 24.552 Thread 0x0000023347b53650 Uncommon trap: reason=unstable_if action=reinterpret pc=0x0000023359581fb4 method=org.h2.jdbc.JdbcResultSet.checkClosed()V @ 63 c2
Event: 24.553 Thread 0x0000023347b53650 DEOPT PACKING pc=0x0000023359581fb4 sp=0x000000a3e2dfac70
Event: 24.553 Thread 0x0000023347b53650 DEOPT UNPACKING pc=0x000002335891d2a2 sp=0x000000a3e2dfac18 mode 2
Event: 24.554 Thread 0x0000023347b53650 Uncommon trap: trap_request=0xffffff45 fr.pc=0x000002335926410c relative=0x000000000000016c
Event: 24.554 Thread 0x0000023347b53650 Uncommon trap: reason=unstable_if action=reinterpret pc=0x000002335926410c method=org.h2.message.TraceSystem.isEnabled(I)Z @ 69 c2
Event: 24.554 Thread 0x0000023347b53650 DEOPT PACKING pc=0x000002335926410c sp=0x000000a3e2dfaad0
Event: 24.554 Thread 0x0000023347b53650 DEOPT UNPACKING pc=0x000002335891d2a2 sp=0x000000a3e2dfaa00 mode 2
Event: 24.560 Thread 0x0000023347b53650 Uncommon trap: trap_request=0xffffff45 fr.pc=0x00000233593826cc relative=0x00000000000000cc
Event: 24.560 Thread 0x0000023347b53650 Uncommon trap: reason=unstable_if action=reinterpret pc=0x00000233593826cc method=org.h2.message.TraceSystem.isEnabled(I)Z @ 69 c2
Event: 24.560 Thread 0x0000023347b53650 DEOPT PACKING pc=0x00000233593826cc sp=0x000000a3e2dfaa70
Event: 24.560 Thread 0x0000023347b53650 DEOPT UNPACKING pc=0x000002335891d2a2 sp=0x000000a3e2dfaa00 mode 2
Event: 24.562 Thread 0x0000023347b53650 Uncommon trap: trap_request=0xffffff45 fr.pc=0x0000023359105538 relative=0x0000000000000ef8
Event: 24.562 Thread 0x0000023347b53650 Uncommon trap: reason=unstable_if action=reinterpret pc=0x0000023359105538 method=java.util.concurrent.ConcurrentHashMap.putVal(Ljava/lang/Object;Ljava/lang/Object;Z)Ljava/lang/Object; @ 148 c2
Event: 24.562 Thread 0x0000023347b53650 DEOPT PACKING pc=0x0000023359105538 sp=0x000000a3e2dfa020
Event: 24.562 Thread 0x0000023347b53650 DEOPT UNPACKING pc=0x000002335891d2a2 sp=0x000000a3e2df9fb0 mode 2

Classes loaded (20 events):
Event: 24.541 Loading class com/chien/bookWorld/entity/Genre_
Event: 24.541 Loading class com/chien/bookWorld/entity/Genre_ done
Event: 24.542 Loading class com/chien/bookWorld/entity/Options_
Event: 24.542 Loading class com/chien/bookWorld/entity/Options_ done
Event: 24.543 Loading class com/chien/bookWorld/entity/Questions_
Event: 24.543 Loading class com/chien/bookWorld/entity/Questions_ done
Event: 24.545 Loading class com/chien/bookWorld/entity/Post_
Event: 24.545 Loading class com/chien/bookWorld/entity/Post_ done
Event: 24.546 Loading class com/chien/bookWorld/entity/Report_
Event: 24.546 Loading class com/chien/bookWorld/entity/Report_ done
Event: 24.547 Loading class com/chien/bookWorld/entity/Month_
Event: 24.547 Loading class com/chien/bookWorld/entity/Month_ done
Event: 24.547 Loading class com/chien/bookWorld/entity/Role_
Event: 24.547 Loading class com/chien/bookWorld/entity/Role_ done
Event: 24.548 Loading class com/chien/bookWorld/entity/BookBasket_
Event: 24.548 Loading class com/chien/bookWorld/entity/BookBasket_ done
Event: 24.549 Loading class com/chien/bookWorld/entity/BookBasketKey_
Event: 24.549 Loading class com/chien/bookWorld/entity/BookBasketKey_ done
Event: 24.549 Loading class com/chien/bookWorld/entity/LikesKey_
Event: 24.549 Loading class com/chien/bookWorld/entity/LikesKey_ done

Classes unloaded (1 events):
Event: 4.839 Thread 0x0000023369f90180 Unloading class 0x0000000801006800 'java/lang/invoke/LambdaForm$DMH+0x0000000801006800'

Classes redefined (0 events):
No events

Internal exceptions (20 events):
Event: 21.387 Thread 0x0000023347b53650 Exception <a 'java/lang/NoSuchMethodError'{0x00000006cc5ff800}: method resolution failed> (0x00000006cc5ff800) 
thrown [s\open\src\hotspot\share\prims\methodHandles.cpp, line 1260]
Event: 21.409 Thread 0x0000023347b53650 Exception <a 'java/lang/NoSuchMethodError'{0x00000006cc6abad8}: 'long java.lang.invoke.DelegatingMethodHandle$Holder.reinvoke_L(java.lang.Object, java.lang.Object)'> (0x00000006cc6abad8) 
thrown [s\open\src\hotspot\share\interpreter\linkResolver.cpp, line 773]
Event: 21.434 Thread 0x0000023347b53650 Exception <a 'java/lang/NoSuchMethodError'{0x00000006cc721550}: 'void java.lang.invoke.DirectMethodHandle$Holder.invokeStatic(java.lang.Object, long)'> (0x00000006cc721550) 
thrown [s\open\src\hotspot\share\interpreter\linkResolver.cpp, line 773]
Event: 21.438 Thread 0x0000023374237ee0 Exception <a 'java/lang/IncompatibleClassChangeError'{0x00000006cc21c0e8}: Found class java.lang.Object, but interface was expected> (0x00000006cc21c0e8) 
thrown [s\open\src\hotspot\share\interpreter\linkResolver.cpp, line 840]
Event: 21.533 Thread 0x0000023374237ee0 Implicit null exception at 0x000002335915bf21 to 0x000002335915c068
Event: 21.540 Thread 0x0000023374237ee0 Exception <a 'java/lang/NoSuchMethodError'{0x00000006d735e0d8}: 'java.lang.Object java.lang.invoke.DirectMethodHandle$Holder.invokeInterface(java.lang.Object, java.lang.Object, int)'> (0x00000006d735e0d8) 
thrown [s\open\src\hotspot\share\interpreter\linkResolver.cpp, line 773]
Event: 21.677 Thread 0x0000023374237ee0 Exception <a 'java/lang/NoSuchMethodError'{0x00000006d4820130}: 'void java.lang.invoke.DirectMethodHandle$Holder.invokeSpecialIFC(java.lang.Object, java.lang.Object, int, java.lang.Object, java.lang.Object, java.lang.Object, java.lang.Object)'> (0x00000006d4820130) 
thrown [s\open\src\hotspot\share\interpreter\linkResolver.cpp, line 773]
Event: 21.699 Thread 0x0000023347b53650 Implicit null exception at 0x0000023359175280 to 0x000002335917593c
Event: 21.707 Thread 0x0000023347b53650 Implicit null exception at 0x0000023359138700 to 0x0000023359138db4
Event: 21.944 Thread 0x0000023347b53650 Exception <a 'java/lang/IncompatibleClassChangeError'{0x00000006ce606fb8}: Found class java.lang.Object, but interface was expected> (0x00000006ce606fb8) 
thrown [s\open\src\hotspot\share\interpreter\linkResolver.cpp, line 840]
Event: 22.018 Thread 0x0000023374237ee0 Implicit null exception at 0x0000023358f2783a to 0x0000023358f27880
Event: 23.541 Thread 0x0000023347b53650 Exception <a 'java/lang/NoClassDefFoundError'{0x00000006cf006d90}: org/flywaydb/core/Flyway> (0x00000006cf006d90) 
thrown [s\open\src\hotspot\share\oops\constantPool.cpp, line 848]
Event: 23.541 Thread 0x0000023347b53650 Exception <a 'java/lang/NoClassDefFoundError'{0x00000006cf007eb0}: liquibase/integration/spring/SpringLiquibase> (0x00000006cf007eb0) 
thrown [s\open\src\hotspot\share\oops\constantPool.cpp, line 848]
Event: 23.552 Thread 0x0000023347b53650 Exception <a 'java/lang/NoClassDefFoundError'{0x00000006cf0b1350}: org/jooq/DSLContext> (0x00000006cf0b1350) 
thrown [s\open\src\hotspot\share\oops\constantPool.cpp, line 848]
Event: 23.552 Thread 0x0000023347b53650 Exception <a 'java/lang/NoClassDefFoundError'{0x00000006cf0b34b0}: org/springframework/batch/core/repository/JobRepository> (0x00000006cf0b34b0) 
thrown [s\open\src\hotspot\share\oops\constantPool.cpp, line 848]
Event: 23.552 Thread 0x0000023347b53650 Exception <a 'java/lang/NoClassDefFoundError'{0x00000006cf0b45c8}: org/quartz/Scheduler> (0x00000006cf0b45c8) 
thrown [s\open\src\hotspot\share\oops\constantPool.cpp, line 848]
Event: 23.552 Thread 0x0000023347b53650 Exception <a 'java/lang/NoClassDefFoundError'{0x00000006cf0b5708}: org/springframework/session/jdbc/JdbcIndexedSessionRepository> (0x00000006cf0b5708) 
thrown [s\open\src\hotspot\share\oops\constantPool.cpp, line 848]
Event: 23.773 Thread 0x0000023347b53650 Implicit null exception at 0x00000233593525cc to 0x0000023359352bac
Event: 24.551 Thread 0x0000023347b53650 Implicit null exception at 0x000002335921e60b to 0x000002335921eaa8
Event: 24.552 Thread 0x0000023347b53650 Implicit null exception at 0x0000023359581cbb to 0x0000023359581f9c

VM Operations (20 events):
Event: 21.543 Executing VM operation: HandshakeAllThreads done
Event: 21.620 Executing VM operation: G1PauseRemark
Event: 21.628 Executing VM operation: G1PauseRemark done
Event: 21.684 Executing VM operation: G1PauseCleanup
Event: 21.684 Executing VM operation: G1PauseCleanup done
Event: 22.193 Executing VM operation: ICBufferFull
Event: 22.194 Executing VM operation: ICBufferFull done
Event: 22.732 Executing VM operation: HandshakeAllThreads
Event: 22.732 Executing VM operation: HandshakeAllThreads done
Event: 22.844 Executing VM operation: ICBufferFull
Event: 22.845 Executing VM operation: ICBufferFull done
Event: 22.946 Executing VM operation: G1CollectForAllocation
Event: 22.965 Executing VM operation: G1CollectForAllocation done
Event: 23.766 Executing VM operation: ICBufferFull
Event: 23.766 Executing VM operation: ICBufferFull done
Event: 24.138 Executing VM operation: ICBufferFull
Event: 24.138 Executing VM operation: ICBufferFull done
Event: 24.382 Executing VM operation: ICBufferFull
Event: 24.382 Executing VM operation: ICBufferFull done
Event: 24.583 Executing VM operation: G1CollectForAllocation

Events (20 events):
Event: 21.628 Thread 0x0000023369f90180 flushing nmethod 0x00000233590e3690
Event: 21.628 Thread 0x0000023369f90180 flushing nmethod 0x0000023359152b10
Event: 21.628 Thread 0x0000023369f90180 flushing nmethod 0x0000023359139710
Event: 21.628 Thread 0x0000023369f90180 flushing nmethod 0x0000023358fdf390
Event: 21.628 Thread 0x0000023369f90180 flushing nmethod 0x000002335910b410
Event: 21.628 Thread 0x0000023369f90180 flushing nmethod 0x0000023359074110
Event: 21.628 Thread 0x0000023369f90180 flushing nmethod 0x0000023359028390
Event: 21.628 Thread 0x0000023369f90180 flushing nmethod 0x000002335900c110
Event: 21.628 Thread 0x0000023369f90180 flushing nmethod 0x0000023358fbe190
Event: 21.628 Thread 0x0000023369f90180 flushing nmethod 0x0000023358fdaf10
Event: 21.628 Thread 0x0000023369f90180 flushing nmethod 0x0000023358f72910
Event: 21.628 Thread 0x0000023369f90180 flushing nmethod 0x0000023358f0d810
Event: 21.628 Thread 0x0000023369f90180 flushing nmethod 0x0000023358eec990
Event: 21.775 Thread 0x000002337674deb0 Thread added: 0x000002337674deb0
Event: 21.926 Thread 0x000002337674c870 Thread added: 0x000002337674c870
Event: 22.579 Thread 0x00000233780a97b0 Thread added: 0x00000233780a97b0
Event: 22.613 Thread 0x00000233780a97b0 Thread exited: 0x00000233780a97b0
Event: 23.154 Thread 0x00000233780a5d40 Thread added: 0x00000233780a5d40
Event: 23.770 Thread 0x00000233780aa250 Thread added: 0x00000233780aa250
Event: 23.872 Thread 0x00000233780a52a0 Thread added: 0x00000233780a52a0


Dynamic libraries:
0x00007ff73c180000 - 0x00007ff73c18e000 	C:\Users\chien\.jdks\openjdk-20.0.1\bin\java.exe
0x00007ffa422d0000 - 0x00007ffa424e7000 	C:\WINDOWS\SYSTEM32\ntdll.dll
0x00007ffa41790000 - 0x00007ffa41854000 	C:\WINDOWS\System32\KERNEL32.DLL
0x00007ffa3f880000 - 0x00007ffa3fc26000 	C:\WINDOWS\System32\KERNELBASE.dll
0x00007ffa3fd70000 - 0x00007ffa3fe81000 	C:\WINDOWS\System32\ucrtbase.dll
0x00007ffa1c190000 - 0x00007ffa1c1a7000 	C:\Users\chien\.jdks\openjdk-20.0.1\bin\jli.dll
0x00007ffa41c30000 - 0x00007ffa41dde000 	C:\WINDOWS\System32\USER32.dll
0x00007ffa3f850000 - 0x00007ffa3f876000 	C:\WINDOWS\System32\win32u.dll
0x00007ffa40fa0000 - 0x00007ffa40fc9000 	C:\WINDOWS\System32\GDI32.dll
0x00007ffa3fe90000 - 0x00007ffa3ffa8000 	C:\WINDOWS\System32\gdi32full.dll
0x00007ffa3f7b0000 - 0x00007ffa3f84a000 	C:\WINDOWS\System32\msvcp_win.dll
0x00007ffa02d70000 - 0x00007ffa02d8b000 	C:\Users\chien\.jdks\openjdk-20.0.1\bin\VCRUNTIME140.dll
0x00007ffa241e0000 - 0x00007ffa24473000 	C:\WINDOWS\WinSxS\amd64_microsoft.windows.common-controls_6595b64144ccf1df_6.0.22621.2506_none_270c5ae97388e100\COMCTL32.dll
0x00007ffa418c0000 - 0x00007ffa41967000 	C:\WINDOWS\System32\msvcrt.dll
0x00007ffa41170000 - 0x00007ffa411a1000 	C:\WINDOWS\System32\IMM32.DLL
0x00007ffa1eb90000 - 0x00007ffa1eb9c000 	C:\Users\chien\.jdks\openjdk-20.0.1\bin\vcruntime140_1.dll
0x00007ff9c80e0000 - 0x00007ff9c816e000 	C:\Users\chien\.jdks\openjdk-20.0.1\bin\msvcp140.dll
0x00007ff9c3470000 - 0x00007ff9c4107000 	C:\Users\chien\.jdks\openjdk-20.0.1\bin\server\jvm.dll
0x00007ffa404b0000 - 0x00007ffa40561000 	C:\WINDOWS\System32\ADVAPI32.dll
0x00007ffa42030000 - 0x00007ffa420d5000 	C:\WINDOWS\System32\sechost.dll
0x00007ffa420e0000 - 0x00007ffa421f7000 	C:\WINDOWS\System32\RPCRT4.dll
0x00007ffa3a7e0000 - 0x00007ffa3a7e9000 	C:\WINDOWS\SYSTEM32\WSOCK32.dll
0x00007ffa41680000 - 0x00007ffa416f1000 	C:\WINDOWS\System32\WS2_32.dll
0x00007ffa38ce0000 - 0x00007ffa38d14000 	C:\WINDOWS\SYSTEM32\WINMM.dll
0x00007ffa2e6f0000 - 0x00007ffa2e6fa000 	C:\WINDOWS\SYSTEM32\VERSION.dll
0x00007ffa3e640000 - 0x00007ffa3e658000 	C:\WINDOWS\SYSTEM32\kernel.appcore.dll
0x00007ffa1d6f0000 - 0x00007ffa1d6fa000 	C:\Users\chien\.jdks\openjdk-20.0.1\bin\jimage.dll
0x00007ffa2f6f0000 - 0x00007ffa2f923000 	C:\WINDOWS\SYSTEM32\DBGHELP.DLL
0x00007ffa40120000 - 0x00007ffa404a9000 	C:\WINDOWS\System32\combase.dll
0x00007ffa40ec0000 - 0x00007ffa40f97000 	C:\WINDOWS\System32\OLEAUT32.dll
0x00007ffa2f530000 - 0x00007ffa2f562000 	C:\WINDOWS\SYSTEM32\dbgcore.DLL
0x00007ffa3fcf0000 - 0x00007ffa3fd6a000 	C:\WINDOWS\System32\bcryptPrimitives.dll
0x00007ffa3ae20000 - 0x00007ffa3ae2e000 	C:\Users\chien\.jdks\openjdk-20.0.1\bin\instrument.dll
0x00007ff9e6680000 - 0x00007ff9e66a6000 	C:\Users\chien\.jdks\openjdk-20.0.1\bin\java.dll
0x00007ff9cd0e0000 - 0x00007ff9cd0f8000 	C:\Users\chien\.jdks\openjdk-20.0.1\bin\zip.dll
0x00007ff9c6e70000 - 0x00007ff9c6f47000 	C:\Users\chien\.jdks\openjdk-20.0.1\bin\jsvml.dll
0x00007ffa405f0000 - 0x00007ffa40e4a000 	C:\WINDOWS\System32\SHELL32.dll
0x00007ffa3d560000 - 0x00007ffa3de56000 	C:\WINDOWS\SYSTEM32\windows.storage.dll
0x00007ffa3d420000 - 0x00007ffa3d55e000 	C:\WINDOWS\SYSTEM32\wintypes.dll
0x00007ffa41b30000 - 0x00007ffa41c23000 	C:\WINDOWS\System32\SHCORE.dll
0x00007ffa41860000 - 0x00007ffa418be000 	C:\WINDOWS\System32\shlwapi.dll
0x00007ffa3f570000 - 0x00007ffa3f596000 	C:\WINDOWS\SYSTEM32\profapi.dll
0x00007ffa019e0000 - 0x00007ffa019f3000 	C:\Users\chien\.jdks\openjdk-20.0.1\bin\net.dll
0x00007ffa396d0000 - 0x00007ffa39807000 	C:\WINDOWS\SYSTEM32\WINHTTP.dll
0x00007ffa3eac0000 - 0x00007ffa3eb29000 	C:\WINDOWS\system32\mswsock.dll
0x00007ff9cda70000 - 0x00007ff9cda86000 	C:\Users\chien\.jdks\openjdk-20.0.1\bin\nio.dll
0x00007ffa2d2f0000 - 0x00007ffa2d30a000 	D:\Program Files\JetBrains\IntelliJ IDEA Community Edition 2021.3\bin\breakgen64.dll
0x00007ffa13420000 - 0x00007ffa13427000 	C:\Users\chien\.jdks\openjdk-20.0.1\bin\extnet.dll
0x00007ffa13270000 - 0x00007ffa13280000 	C:\Users\chien\.jdks\openjdk-20.0.1\bin\verify.dll
0x00007ffa3ed20000 - 0x00007ffa3ed3b000 	C:\WINDOWS\SYSTEM32\CRYPTSP.dll
0x00007ffa3e5a0000 - 0x00007ffa3e5d5000 	C:\WINDOWS\system32\rsaenh.dll
0x00007ffa3ebb0000 - 0x00007ffa3ebdc000 	C:\WINDOWS\SYSTEM32\USERENV.dll
0x00007ffa3eee0000 - 0x00007ffa3ef08000 	C:\WINDOWS\SYSTEM32\bcrypt.dll
0x00007ffa3ed10000 - 0x00007ffa3ed1c000 	C:\WINDOWS\SYSTEM32\CRYPTBASE.dll
0x00007ffa3e0c0000 - 0x00007ffa3e0ed000 	C:\WINDOWS\SYSTEM32\IPHLPAPI.DLL
0x00007ffa40e50000 - 0x00007ffa40e59000 	C:\WINDOWS\System32\NSI.dll
0x00007ffa39450000 - 0x00007ffa39469000 	C:\WINDOWS\SYSTEM32\dhcpcsvc6.DLL
0x00007ffa39390000 - 0x00007ffa393af000 	C:\WINDOWS\SYSTEM32\dhcpcsvc.DLL
0x00007ffa3e130000 - 0x00007ffa3e229000 	C:\WINDOWS\SYSTEM32\DNSAPI.dll
0x00007ffa3ae40000 - 0x00007ffa3ae4a000 	C:\Users\chien\.jdks\openjdk-20.0.1\bin\management.dll
0x00007ffa3ae30000 - 0x00007ffa3ae3b000 	C:\Users\chien\.jdks\openjdk-20.0.1\bin\management_ext.dll
0x00007ffa41660000 - 0x00007ffa41668000 	C:\WINDOWS\System32\PSAPI.DLL

dbghelp: loaded successfully - version: 4.0.5 - missing functions: none
symbol engine: initialized successfully - sym options: 0x614 - pdb path: .;C:\Users\chien\.jdks\openjdk-20.0.1\bin;C:\WINDOWS\SYSTEM32;C:\WINDOWS\WinSxS\amd64_microsoft.windows.common-controls_6595b64144ccf1df_6.0.22621.2506_none_270c5ae97388e100;C:\Users\chien\.jdks\openjdk-20.0.1\bin\server;D:\Program Files\JetBrains\IntelliJ IDEA Community Edition 2021.3\bin

VM Arguments:
jvm_args: -ea -javaagent:C:\Users\chien\AppData\Local\JetBrains\IdeaIC2022.2\testAgent\intellij-coverage-agent-1.0.673.jar=C:\Users\chien\AppData\Local\Temp\coverage2args -Didea.new.sampling.coverage=true -Dcoverage.ignore.private.constructor.util.class=true -Didea.test.cyclic.buffer.size=1048576 -javaagent:D:\Program Files\JetBrains\IntelliJ IDEA Community Edition 2021.3\lib\idea_rt.jar=50825:D:\Program Files\JetBrains\IntelliJ IDEA Community Edition 2021.3\bin -Dfile.encoding=UTF-8 -Dsun.stdout.encoding=UTF-8 -Dsun.stderr.encoding=UTF-8 
java_command: com.intellij.rt.junit.JUnitStarter -ideVersion5 -junit5 @w@C:\Users\chien\AppData\Local\Temp\idea_working_dirs_junit.tmp @C:\Users\chien\AppData\Local\Temp\idea_junit.tmp -socket50824
java_class_path (initial): C:\Users\chien\.m2\repository\org\junit\platform\junit-platform-launcher\1.9.3\junit-platform-launcher-1.9.3.jar;C:\Users\chien\.m2\repository\org\junit\vintage\junit-vintage-engine\5.9.3\junit-vintage-engine-5.9.3.jar;D:\Program Files\JetBrains\IntelliJ IDEA Community Edition 2021.3\lib\idea_rt.jar;D:\Program Files\JetBrains\IntelliJ IDEA Community Edition 2021.3\plugins\junit\lib\junit5-rt.jar;D:\Program Files\JetBrains\IntelliJ IDEA Community Edition 2021.3\plugins\junit\lib\junit-rt.jar;F:\ProjectsF\BTL_THPTPM_BookWorld\BookWorld\BE\target\test-classes;F:\ProjectsF\BTL_THPTPM_BookWorld\BookWorld\BE\target\classes;C:\Users\chien\.m2\repository\org\springframework\boot\spring-boot-starter-web\3.1.0\spring-boot-starter-web-3.1.0.jar;C:\Users\chien\.m2\repository\org\springframework\boot\spring-boot-starter\3.1.5\spring-boot-starter-3.1.5.jar;C:\Users\chien\.m2\repository\org\springframework\boot\spring-boot\3.1.5\spring-boot-3.1.5.jar;C:\Users\chien\.m2\repository\org\springframework\boot\spring-boot-autoconfigure\3.1.5\spring-boot-autoconfigure-3.1.5.jar;C:\Users\chien\.m2\repository\org\springframework\boot\spring-boot-starter-logging\3.1.5\spring-boot-starter-logging-3.1.5.jar;C:\Users\chien\.m2\repository\ch\qos\logback\logback-classic\1.4.11\logback-classic-1.4.11.jar;C:\Users\chien\.m2\repository\ch\qos\logback\logback-core\1.4.11\logback-core-1.4.11.jar;C:\Users\chien\.m2\repository\org\apache\logging\log4j\log4j-to-slf4j\2.20.0\log4j-to-slf4j-2.20.0.jar;C:\Users\chien\.m2\repository\org\apache\logging\log4j\log4j-api\2.20.0\log4j-api-2.20.0.jar;C:\Users\chien\.m2\repository\org\slf4j\jul-to-slf4j\2.0.9\jul-to-slf4j-2.0.9.jar;C:\Users\chien\.m2\repository\jakarta\annotation\jakarta.annotation-api\2.1.1\jakarta.annotation-api-2.1.1.jar;C:\Users\chien\.m2\repository\org\yaml\snakeyaml\1.33\snakeyaml-1.33.jar;C:\Users\chien\.m2\repository\org\springframework\boot\spring-boot-starter-json\3.1.5\spring-boot-starter-json-3.1.5.jar;C:\Users\chien\.m2\repository\com\fasterxml\jackson\datatype\jackson-datatype-jdk8\2.15.3\jackson-datatype-jdk8-2.15.3.jar;C:\Users\chien\.m2\repository\com\fasterxml\jackson\module\jackson-module-parameter-names\2.15.3\jackson-module-parameter-names-2.15.3.jar;C:\Users\chien\.m2\repository\org\springframework\boot\spring-boot-starter-tomcat\3.1.5\spring-boot-starter-tomcat-3.1.5.jar;C:\Users\chien\.m2\repository\org\apache\tomcat\embed\tomcat-embed-core\10.1.15\tomcat-embed-core-10.1.15.jar;C:\Users\chien\.m2\repository\org\apache\tomcat\embed\tomcat-embed-websocket\10.1.15\tomcat-embed-websocket-10.1.15.jar;C:\Users\chien\.m2\repository\org\springframework\spring-web\6.0.13\spring-web-6.0.13.jar;C:\Users\chien\.m2\repository\io\micrometer\micrometer-observation\1.11.5\micrometer-observation-1.11.5.jar;C:\Users\chien\.m2\repository\io\micrometer\micrometer-commons\1.11.5\micrometer-commons-1.11.5.jar;C:\Users\chien\.m2\repository\org\springframework\spring-webmvc\6.0.13\spring-webmvc-6.0.13.jar;C:\Users\chien\.m2\repository\org\springframework\boot\spring-boot-starter-websocket\3.1.5\spring-boot-starter-websocket-3.1.5.jar;C:\Users\chien\.m2\repository\org\springframework\security\spring-security-messaging\6.1.4\spring-security-messaging-6.1.4.jar;C:\Users\chien\.m2\repository\org\springframework\security\spring-security-core\6.1.5\spring-security-core-6.1.5.jar;C:\Users\chien\.m2\repository\org\springframework\security\spring-security-crypto\6.1.5\spring-security-crypto-6.1.5.jar;C:\Users\chien\.m2\repository\org\springframework\spring-beans\6.0.13\spring-beans-6.0.13.jar;C:\Users\chien\.m2\repository\org\springframework\spring-context\6.0.13\spring-context-6.0.13.jar;C:\Users\chien\.m2\repository\org\springframework\spring-core\6.0.13\spring-core-6.0.13.jar;C:\Users\chien\.m2\repository\org\springframework\spring-jcl\6.0.13\spring-jcl-6.0.13.jar;C:\Users\chien\.m2\repository\org\springframework\spring-expression\6.0.13\spring-expression-6.0.13.jar;C:\Users\chien\.m2\repository\org\springframework\spring-messaging\6.0.14\spring-messaging-6.0.14.jar;C:\Users\chien\.m2\repository\org\springframework\spring-websocket\6.0.14\spring-websocket-6.0.14.jar;C:\Users\chien\.m2\repository\org\springframework\boot\spring-boot-starter-test\3.1.0\spring-boot-starter-test-3.1.0.jar;C:\Users\chien\.m2\repository\org\springframework\boot\spring-boot-test\3.1.5\spring-boot-test-3.1.5.jar;C:\Users\chien\.m2\repository\org\springframework\boot\spring-boot-test-autoconfigure\3.1.5\spring-boot-test-autoconfigure-3.1.5.jar;C:\Users\chien\.m2\repository\com\jayway\jsonpath\json-path\2.8.0\json-path-2.8.0.jar;C:\Users\chien\.m2\repository\jakarta\xml\bind\jakarta.xml.bind-api\4.0.1\jakarta.xml.bind-api-4.0.1.jar;C:\Users\chien\.m2\repository\jakarta\activation\jakarta.activation-api\2.1.2\jakarta.activation-api-2.1.2.jar;C:\Users\chien\.m2\repository\net\minidev\json-smart\2.4.11\json-smart-2.4.11.jar;C:\Users\chien\.m2\repository\net\minidev\accessors-smart\2.4.11\accessors-smart-2.4.11.jar;C:\Users\chien\.m2\repository\org\ow2\asm\asm\9.3\asm-9.3.jar;C:\Users\chien\.m2\repository\org\assertj\assertj-core\3.24.2\assertj-core-3.24.2.jar;C:\Users\chien\.m2\repository\net\bytebuddy\byte-buddy\1.14.9\byte-buddy-1.14.9.jar;C:\Users\chien\.m2\repository\org\hamcrest\hamcrest\2.2\hamcrest-2.2.jar;C:\Users\chien\.m2\repository\org\junit\jupiter\junit-jupiter\5.9.3\junit-jupiter-5.9.3.jar;C:\Users\chien\.m2\repository\org\junit\jupiter\junit-jupiter-api\5.9.3\junit-jupiter-api-5.9.3.jar;C:\Users\chien\.m2\repository\org\opentest4j\opentest4j\1.2.0\opentest4j-1.2.0.jar;C:\Users\chien\.m2\repository\org\junit\platform\junit-platform-commons\1.9.3\junit-platform-commons-1.9.3.jar;C:\Users\chien\.m2\repository\org\apiguardian\apiguardian-api\1.1.2\apiguardian-api-1.1.2.jar;C:\Users\chien\.m2\repository\org\junit\jupiter\junit-jupiter-params\5.9.3\junit-jupiter-params-5.9.3.jar;C:\Users\chien\.m2\repository\org\junit\jupiter\junit-jupiter-engine\5.9.3\junit-jupiter-engine-5.9.3.jar;C:\Users\chien\.m2\repository\org\junit\platform\junit-platform-engine\1.9.3\junit-platform-engine-1.9.3.jar;C:\Users\chien\.m2\repository\org\mockito\mockito-core\5.3.1\mockito-core-5.3.1.jar;C:\Users\chien\.m2\repository\net\bytebuddy\byte-buddy-agent\1.14.9\byte-buddy-agent-1.14.9.jar;C:\Users\chien\.m2\repository\org\mockito\mockito-junit-jupiter\5.3.1\mockito-junit-jupiter-5.3.1.jar;C:\Users\chien\.m2\repository\org\skyscreamer\jsonassert\1.5.1\jsonassert-1.5.1.jar;C:\Users\chien\.m2\repository\com\vaadin\external\google\android-json\0.0.20131108.vaadin1\android-json-0.0.20131108.vaadin1.jar;C:\Users\chien\.m2\repository\org\springframework\spring-test\6.0.13\spring-test-6.0.13.jar;C:\Users\chien\.m2\repository\org\xmlunit\xmlunit-core\2.9.1\xmlunit-core-2.9.1.jar;C:\Users\chien\.m2\repository\com\mysql\mysql-connector-j\8.0.33\mysql-connector-j-8.0.33.jar;C:\Users\chien\.m2\repository\org\springframework\boot\spring-boot-starter-data-jpa\3.1.0\spring-boot-starter-data-jpa-3.1.0.jar;C:\Users\chien\.m2\repository\org\springframework\boot\spring-boot-starter-aop\3.1.5\spring-boot-starter-aop-3.1.5.jar;C:\Users\chien\.m2\repository\org\aspectj\aspectjweaver\1.9.20\aspectjweaver-1.9.20.jar;C:\Users\chien\.m2\repository\org\springframework\boot\spring-boot-starter-jdbc\3.1.5\spring-boot-starter-jdbc-3.1.5.jar;C:\Users\chien\.m2\repository\com\zaxxer\HikariCP\5.0.1\HikariCP-5.0.1.jar;C:\Users\chien\.m2\repository\org\springframework\spring-jdbc\6.0.13\spring-jdbc-6.0.13.jar;C:\Users\chien\.m2\repository\org\hibernate\orm\hibernate-core\6.2.13.Final\hibernate-core-6.2.13.Final.jar;C:\Users\chien\.m2\repository\jakarta\persistence\jakarta.persistence-api\3.1.0\jakarta.persistence-api-3.1.0.jar;C:\Users\chien\.m2\repository\jakarta\transaction\jakarta.transaction-api\2.0.1\jakarta.transaction-api-2.0.1.jar;C:\Users\chien\.m2\repository\org\jboss\logging\jboss-logging\3.5.3.Final\jboss-logging-3.5.3.Final.jar;C:\Users\chien\.m2\repository\org\hibernate\common\hibernate-commons-annotations\6.0.6.Final\hibernate-commons-annotations-6.0.6.Final.jar;C:\Users\chien\.m2\repository\io\smallrye\jandex\3.0.5\jandex-3.0.5.jar;C:\Users\chien\.m2\repository\com\fasterxml\classmate\1.5.1\classmate-1.5.1.jar;C:\Users\chien\.m2\repository\org\glassfish\jaxb\jaxb-runtime\4.0.3\jaxb-runtime-4.0.3.jar;C:\Users\chien\.m2\repository\org\glassfish\jaxb\jaxb-core\4.0.3\jaxb-core-4.0.3.jar;C:\Users\chien\.m2\repository\org\glassfish\jaxb\txw2\4.0.3\txw2-4.0.3.jar;C:\Users\chien\.m2\repository\com\sun\istack\istack-commons-runtime\4.1.2\istack-commons-runtime-4.1.2.jar;C:\Users\chien\.m2\repository\jakarta\inject\jakarta.inject-api\2.0.1\jakarta.inject-api-2.0.1.jar;C:\Users\chien\.m2\repository\org\antlr\antlr4-runtime\4.10.1\antlr4-runtime-4.10.1.jar;C:\Users\chien\.m2\repository\org\springframework\data\spring-data-jpa\3.1.5\spring-data-jpa-3.1.5.jar;C:\Users\chien\.m2\repository\org\springframework\data\spring-data-commons\3.1.5\spring-data-commons-3.1.5.jar;C:\Users\chien\.m2\repository\org\springframework\spring-orm\6.0.13\spring-orm-6.0.13.jar;C:\Users\chien\.m2\repository\org\springframework\spring-tx\6.0.13\spring-tx-6.0.13.jar;C:\Users\chien\.m2\repository\org\springframework\spring-aspects\6.0.13\spring-aspects-6.0.13.jar;C:\Users\chien\.m2\repository\org\projectlombok\lombok\1.18.26\lombok-1.18.26.jar;C:\Users\chien\.m2\repository\org\springframework\boot\spring-boot-starter-validation\3.0.4\spring-boot-starter-validation-3.0.4.jar;C:\Users\chien\.m2\repository\org\apache\tomcat\embed\tomcat-embed-el\10.1.15\tomcat-embed-el-10.1.15.jar;C:\Users\chien\.m2\repository\org\hibernate\validator\hibernate-validator\8.0.1.Final\hibernate-validator-8.0.1.Final.jar;C:\Users\chien\.m2\repository\jakarta\validation\jakarta.validation-api\3.0.2\jakarta.validation-api-3.0.2.jar;C:\Users\chien\.m2\repository\org\modelmapper\modelmapper\3.1.1\modelmapper-3.1.1.jar;C:\Users\chien\.m2\repository\org\springframework\boot\spring-boot-starter-security\3.1.5\spring-boot-starter-security-3.1.5.jar;C:\Users\chien\.m2\repository\org\springframework\spring-aop\6.0.13\spring-aop-6.0.13.jar;C:\Users\chien\.m2\repository\org\springframework\security\spring-security-config\6.1.5\spring-security-config-6.1.5.jar;C:\Users\chien\.m2\repository\org\springframework\security\spring-security-web\6.1.5\spring-security-web-6.1.5.jar;C:\Users\chien\.m2\repository\io\jsonwebtoken\jjwt-api\0.11.5\jjwt-api-0.11.5.jar;C:\Users\chien\.m2\repository\io\jsonwebtoken\jjwt-impl\0.11.5\jjwt-impl-0.11.5.jar;C:\Users\chien\.m2\repository\io\jsonwebtoken\jjwt-jackson\0.11.5\jjwt-jackson-0.11.5.jar;C:\Users\chien\.m2\repository\com\fasterxml\jackson\core\jackson-databind\2.15.3\jackson-databind-2.15.3.jar;C:\Users\chien\.m2\repository\org\springdoc\springdoc-openapi-starter-webmvc-ui\2.1.0\springdoc-openapi-starter-webmvc-ui-2.1.0.jar;C:\Users\chien\.m2\repository\org\springdoc\springdoc-openapi-starter-webmvc-api\2.1.0\springdoc-openapi-starter-webmvc-api-2.1.0.jar;C:\Users\chien\.m2\repository\org\springdoc\springdoc-openapi-starter-common\2.1.0\springdoc-openapi-starter-common-2.1.0.jar;C:\Users\chien\.m2\repository\io\swagger\core\v3\swagger-core-jakarta\2.2.9\swagger-core-jakarta-2.2.9.jar;C:\Users\chien\.m2\repository\org\apache\commons\commons-lang3\3.12.0\commons-lang3-3.12.0.jar;C:\Users\chien\.m2\repository\io\swagger\core\v3\swagger-annotations-jakarta\2.2.9\swagger-annotations-jakarta-2.2.9.jar;C:\Users\chien\.m2\repository\io\swagger\core\v3\swagger-models-jakarta\2.2.9\swagger-models-jakarta-2.2.9.jar;C:\Users\chien\.m2\repository\com\fasterxml\jackson\dataformat\jackson-dataformat-yaml\2.15.3\jackson-dataformat-yaml-2.15.3.jar;C:\Users\chien\.m2\repository\org\webjars\swagger-ui\4.18.2\swagger-ui-4.18.2.jar;C:\Users\chien\.m2\repository\org\springframework\boot\spring-boot-starter-mail\3.1.5\spring-boot-starter-mail-3.1.5.jar;C:\Users\chien\.m2\repository\org\springframework\spring-context-support\6.0.13\spring-context-support-6.0.13.jar;C:\Users\chien\.m2\repository\org\eclipse\angus\jakarta.mail\1.1.0\jakarta.mail-1.1.0.jar;C:\Users\chien\.m2\repository\org\eclipse\angus\angus-activation\2.0.1\angus-activation-2.0.1.jar;C:\Users\chien\.m2\repository\org\springframework\boot\spring-boot-starter-thymeleaf\3.1.5\spring-boot-starter-thymeleaf-3.1.5.jar;C:\Users\chien\.m2\repository\org\thymeleaf\thymeleaf-spring6\3.1.2.RELEASE\thymeleaf-spring6-3.1.2.RELEASE.jar;C:\Users\chien\.m2\repository\org\thymeleaf\thymeleaf\3.1.2.RELEASE\thymeleaf-3.1.2.RELEASE.jar;C:\Users\chien\.m2\repository\org\attoparser\attoparser\2.0.7.RELEASE\attoparser-2.0.7.RELEASE.jar;C:\Users\chien\.m2\repository\org\unbescape\unbescape\1.1.6.RELEASE\unbescape-1.1.6.RELEASE.jar;C:\Users\chien\.m2\repository\com\fasterxml\jackson\datatype\jackson-datatype-jsr310\2.8.8\jackson-datatype-jsr310-2.8.8.jar;C:\Users\chien\.m2\repository\com\fasterxml\jackson\core\jackson-annotations\2.15.3\jackson-annotations-2.15.3.jar;C:\Users\chien\.m2\repository\com\fasterxml\jackson\core\jackson-core\2.15.3\jackson-core-2.15.3.jar;C:\Users\chien\.m2\repository\org\awaitility\awaitility\3.1.2\awaitility-3.1.2.jar;C:\Users\chien\.m2\repository\org\hamcrest\hamcrest-library\2.2\hamcrest-library-2.2.jar;C:\Users\chien\.m2\repository\org\hamcrest\hamcrest-core\2.2\hamcrest-core-2.2.jar;C:\Users\chien\.m2\repository\org\objenesis\objenesis\2.6\objenesis-2.6.jar;C:\Users\chien\.m2\repository\com\google\firebase\firebase-admin\9.2.0\firebase-admin-9.2.0.jar;C:\Users\chien\.m2\repository\com\google\api-client\google-api-client\2.2.0\google-api-client-2.2.0.jar;C:\Users\chien\.m2\repository\commons-codec\commons-codec\1.15\commons-codec-1.15.jar;C:\Users\chien\.m2\repository\com\google\oauth-client\google-oauth-client\1.34.1\google-oauth-client-1.34.1.jar;C:\Users\chien\.m2\repository\com\google\http-client\google-http-client-gson\1.42.3\google-http-client-gson-1.42.3.jar;C:\Users\chien\.m2\repository\com\google\http-client\google-http-client-apache-v2\1.42.3\google-http-client-apache-v2-1.42.3.jar;C:\Users\chien\.m2\repository\org\apache\httpcomponents\httpcore\4.4.16\httpcore-4.4.16.jar;C:\Users\chien\.m2\repository\org\apache\httpcomponents\httpclient\4.5.14\httpclient-4.5.14.jar;C:\Users\chien\.m2\repository\com\google\api-client\google-api-client-gson\2.2.0\google-api-client-gson-2.2.0.jar;C:\Users\chien\.m2\repository\com\google\http-client\google-http-client\1.43.1\google-http-client-1.43.1.jar;C:\Users\chien\.m2\repository\com\google\code\findbugs\jsr305\3.0.2\jsr305-3.0.2.jar;C:\Users\chien\.m2\repository\com\google\errorprone\error_prone_annotations\2.18.0\error_prone_annotations-2.18.0.jar;C:\Users\chien\.m2\repository\com\google\j2objc\j2objc-annotations\1.3\j2objc-annotations-1.3.jar;C:\Users\chien\.m2\repository\io\opencensus\opencensus-api\0.31.1\opencensus-api-0.31.1.jar;C:\Users\chien\.m2\repository\io\opencensus\opencensus-contrib-http-util\0.31.1\opencensus-contrib-http-util-0.31.1.jar;C:\Users\chien\.m2\repository\com\google\api\api-common\2.12.0\api-common-2.12.0.jar;C:\Users\chien\.m2\repository\com\google\auto\value\auto-value-annotations\1.10.1\auto-value-annotations-1.10.1.jar;C:\Users\chien\.m2\repository\javax\annotation\javax.annotation-api\1.3.2\javax.annotation-api-1.3.2.jar;C:\Users\chien\.m2\repository\com\google\auth\google-auth-library-oauth2-http\1.17.0\google-auth-library-oauth2-http-1.17.0.jar;C:\Users\chien\.m2\repository\com\google\auth\google-auth-library-credentials\1.17.0\google-auth-library-credentials-1.17.0.jar;C:\Users\chien\.m2\repository\com\google\cloud\google-cloud-storage\2.22.4\google-cloud-storage-2.22.4.jar;C:\Users\chien\.m2\repository\com\google\guava\failureaccess\1.0.1\failureaccess-1.0.1.jar;C:\Users\chien\.m2\repository\com\google\guava\listenablefuture\9999.0-empty-to-avoid-conflict-with-guava\listenablefuture-9999.0-empty-to-avoid-conflict-with-guava.jar;C:\Users\chien\.m2\repository\com\google\http-client\google-http-client-jackson2\1.43.1\google-http-client-jackson2-1.43.1.jar;C:\Users\chien\.m2\repository\com\google\apis\google-api-services-storage\v1-rev20230301-2.0.0\google-api-services-storage-v1-rev20230301-2.0.0.jar;C:\Users\chien\.m2\repository\com\google\code\gson\gson\2.10.1\gson-2.10.1.jar;C:\Users\chien\.m2\repository\com\google\cloud\google-cloud-core\2.19.0\google-cloud-core-2.19.0.jar;C:\Users\chien\.m2\repository\com\google\cloud\google-cloud-core-http\2.19.0\google-cloud-core-http-2.19.0.jar;C:\Users\chien\.m2\repository\com\google\http-client\google-http-client-appengine\1.43.1\google-http-client-appengine-1.43.1.jar;C:\Users\chien\.m2\repository\com\google\api\gax-httpjson\0.114.0\gax-httpjson-0.114.0.jar;C:\Users\chien\.m2\repository\com\google\cloud\google-cloud-core-grpc\2.19.0\google-cloud-core-grpc-2.19.0.jar;C:\Users\chien\.m2\repository\com\google\api\gax\2.29.0\gax-2.29.0.jar;C:\Users\chien\.m2\repository\com\google\api\gax-grpc\2.29.0\gax-grpc-2.29.0.jar;C:\Users\chien\.m2\repository\io\grpc\grpc-alts\1.55.1\grpc-alts-1.55.1.jar;C:\Users\chien\.m2\repository\io\grpc\grpc-grpclb\1.55.1\grpc-grpclb-1.55.1.jar;C:\Users\chien\.m2\repository\org\conscrypt\conscrypt-openjdk-uber\2.5.2\conscrypt-openjdk-uber-2.5.2.jar;C:\Users\chien\.m2\repository\io\grpc\grpc-auth\1.55.1\grpc-auth-1.55.1.jar;C:\Users\chien\.m2\repository\io\grpc\grpc-protobuf\1.55.1\grpc-protobuf-1.55.1.jar;C:\Users\chien\.m2\repository\io\grpc\grpc-protobuf-lite\1.55.1\grpc-protobuf-lite-1.55.1.jar;C:\Users\chien\.m2\repository\io\grpc\grpc-context\1.55.1\grpc-context-1.55.1.jar;C:\Users\chien\.m2\repository\com\google\api\grpc\proto-google-iam-v1\1.15.0\proto-google-iam-v1-1.15.0.jar;C:\Users\chien\.m2\repository\com\google\protobuf\protobuf-java\3.23.2\protobuf-java-3.23.2.jar;C:\Users\chien\.m2\repository\com\google\protobuf\protobuf-java-util\3.23.2\protobuf-java-util-3.23.2.jar;C:\Users\chien\.m2\repository\com\google\api\grpc\proto-google-common-protos\2.20.0\proto-google-common-protos-2.20.0.jar;C:\Users\chien\.m2\repository\org\threeten\threetenbp\1.6.8\threetenbp-1.6.8.jar;C:\Users\chien\.m2\repository\com\google\api\grpc\proto-google-cloud-storage-v2\2.22.4-alpha\proto-google-cloud-storage-v2-2.22.4-alpha.jar;C:\Users\chien\.m2\repository\com\google\api\grpc\grpc-google-cloud-storage-v2\2.22.4-alpha\grpc-google-cloud-storage-v2-2.22.4-alpha.jar;C:\Users\chien\.m2\repository\com\google\api\grpc\gapic-google-cloud-storage-v2\2.22.4-alpha\gapic-google-cloud-storage-v2-2.22.4-alpha.jar;C:\Users\chien\.m2\repository\io\grpc\grpc-api\1.55.1\grpc-api-1.55.1.jar;C:\Users\chien\.m2\repository\io\grpc\grpc-netty-shaded\1.55.1\grpc-netty-shaded-1.55.1.jar;C:\Users\chien\.m2\repository\io\perfmark\perfmark-api\0.26.0\perfmark-api-0.26.0.jar;C:\Users\chien\.m2\repository\io\grpc\grpc-core\1.55.1\grpc-core-1.55.1.jar;C:\Users\chien\.m2\repository\com\google\android\annotations\4.1.1.4\annotations-4.1.1.4.jar;C:\Users\chien\.m2\repository\org\codehaus\mojo\animal-sniffer-annotations\1.23\animal-sniffer-annotations-1.23.jar;C:\Users\chien\.m2\repository\io\grpc\grpc-stub\1.55.1\grpc-stub-1.55.1.jar;C:\Users\chien\.m2\repository\io\grpc\grpc-googleapis\1.55.1\grpc-googleapis-1.55.1.jar;C:\Users\chien\.m2\repository\org\checkerframework\checker-qual\3.32.0\checker-qual-3.32.0.jar;C:\Users\chien\.m2\repository\io\grpc\grpc-xds\1.55.1\grpc-xds-1.55.1.jar;C:\Users\chien\.m2\repository\io\opencensus\opencensus-proto\0.2.0\opencensus-proto-0.2.0.jar;C:\Users\chien\.m2\repository\io\grpc\grpc-services\1.55.1\grpc-services-1.55.1.jar;C:\Users\chien\.m2\repository\com\google\re2j\re2j\1.6\re2j-1.6.jar;C:\Users\chien\.m2\repository\io\grpc\grpc-rls\1.55.1\grpc-rls-1.55.1.jar;C:\Users\chien\.m2\repository\com\google\cloud\google-cloud-firestore\3.13.0\google-cloud-firestore-3.13.0.jar;C:\Users\chien\.m2\repository\commons-logging\commons-logging\1.2\commons-logging-1.2.jar;C:\Users\chien\.m2\repository\com\google\api\grpc\proto-google-cloud-firestore-v1\3.13.0\proto-google-cloud-firestore-v1-3.13.0.jar;C:\Users\chien\.m2\repository\com\google\cloud\proto-google-cloud-firestore-bundle-v1\3.13.0\proto-google-cloud-firestore-bundle-v1-3.13.0.jar;C:\Users\chien\.m2\repository\io\opencensus\opencensus-contrib-grpc-util\0.31.1\opencensus-contrib-grpc-util-0.31.1.jar;C:\Users\chien\.m2\repository\com\google\guava\guava\31.1-jre\guava-31.1-jre.jar;C:\Users\chien\.m2\repository\org\slf4j\slf4j-api\2.0.9\slf4j-api-2.0.9.jar;C:\Users\chien\.m2\repository\io\netty\netty-codec-http\4.1.100.Final\netty-codec-http-4.1.100.Final.jar;C:\Users\chien\.m2\repository\io\netty\netty-common\4.1.100.Final\netty-common-4.1.100.Final.jar;C:\Users\chien\.m2\repository\io\netty\netty-buffer\4.1.100.Final\netty-buffer-4.1.100.Final.jar;C:\Users\chien\.m2\repository\io\netty\netty-codec\4.1.100.Final\netty-codec-4.1.100.Final.jar;C:\Users\chien\.m2\repository\io\netty\netty-handler\4.1.100.Final\netty-handler-4.1.100.Final.jar;C:\Users\chien\.m2\repository\io\netty\netty-resolver\4.1.100.Final\netty-resolver-4.1.100.Final.jar;C:\Users\chien\.m2\repository\io\netty\netty-transport-native-unix-common\4.1.100.Final\netty-transport-native-unix-common-4.1.100.Final.jar;C:\Users\chien\.m2\repository\io\netty\netty-transport\4.1.100.Final\netty-transport-4.1.100.Final.jar;C:\Users\chien\.m2\repository\junit\junit\4.13.2\junit-4.13.2.jar;C:\Users\chien\.m2\repository\com\h2database\h2\2.1.214\h2-2.1.214.jar
Launcher Type: SUN_STANDARD

[Global flags]
     intx CICompilerCount                          = 4                                         {product} {ergonomic}
     uint ConcGCThreads                            = 2                                         {product} {ergonomic}
     uint G1ConcRefinementThreads                  = 8                                         {product} {ergonomic}
   size_t G1HeapRegionSize                         = 4194304                                   {product} {ergonomic}
    uintx GCDrainStackTargetSize                   = 64                                        {product} {ergonomic}
   size_t InitialHeapSize                          = 335544320                                 {product} {ergonomic}
   size_t MarkStackSize                            = 4194304                                   {product} {ergonomic}
   size_t MaxHeapSize                              = 5314183168                                {product} {ergonomic}
   size_t MaxNewSize                               = 3187671040                                {product} {ergonomic}
   size_t MinHeapDeltaBytes                        = 4194304                                   {product} {ergonomic}
   size_t MinHeapSize                              = 8388608                                   {product} {ergonomic}
    uintx NonNMethodCodeHeapSize                   = 5839372                                {pd product} {ergonomic}
    uintx NonProfiledCodeHeapSize                  = 122909434                              {pd product} {ergonomic}
     bool PerfDisableSharedMem                     = true                                      {product} {ergonomic}
    uintx ProfiledCodeHeapSize                     = 122909434                              {pd product} {ergonomic}
    uintx ReservedCodeCacheSize                    = 251658240                              {pd product} {ergonomic}
     bool SegmentedCodeCache                       = true                                      {product} {ergonomic}
   size_t SoftMaxHeapSize                          = 5314183168                             {manageable} {ergonomic}
     bool UseCompressedClassPointers               = true                           {product lp64_product} {ergonomic}
     bool UseCompressedOops                        = true                           {product lp64_product} {ergonomic}
     bool UseG1GC                                  = true                                      {product} {ergonomic}
     bool UseLargePagesIndividualAllocation        = false                                  {pd product} {ergonomic}

Logging:
Log output configuration:
 #0: stdout all=warning uptime,level,tags foldmultilines=false
 #1: stderr all=off uptime,level,tags foldmultilines=false

Environment Variables:
PATH=F:\Users\chien\.jdks\openjdk-21.0.1\bin;C:\Users\chien\.jdks\openjdk-17\bin;C:\Program Files\Java\jdk-16.0.2\bin;C:\Program Files (x86)\Common Files\Oracle\Java\javapath;C:\WINDOWS\system32;C:\WINDOWS;C:\WINDOWS\System32\Wbem;C:\WINDOWS\System32\WindowsPowerShell\v1.0\;C:\WINDOWS\System32\OpenSSH\;C:\Program Files (x86)\GTK2-Runtime\bin;C:\Program Files (x86)\Microsoft Group Policy\Windows 10 May 2021 Update (21H1)\PolicyDefinitions\;D:\Program Files\Git\cmd;C:\Program Files\dotnet\;D:\FPC\3.2.2\bin\i386-Win32;D:\App\xampp\php;C:\ProgramData\ComposerSetup\bin;D:\Program Files\nodejs\;C:\Program Files (x86)\Microsoft SQL Server\160\Tools\Binn\;C:\Program Files\Microsoft SQL Server\160\Tools\Binn\;C:\Program Files\Microsoft SQL Server\Client SDK\ODBC\170\Tools\Binn\;C:\Program Files\Microsoft SQL Server\160\DTS\Binn\;C:\Program Files (x86)\Microsoft SQL Server\150\DTS\Binn\;C:\Program Files\Azure Data Studio\bin;C:\ProgramData\chocolatey\bin;F:\AppF\FPC\3.2.2\bin\i386-Win32;F:\Program Files\Cloudflare\Cloudflare WARP\;F:\AppF\chromedriver-win64-118.0.5993.70;D:\App\python\Scripts\;D:\App\python\;C:\Users\chien\AppData\Local\Programs\Python\Python39\Scripts\;C:\Users\chien\AppData\Local\Programs\Python\Python39\;C:\Users\chien\AppData\Local\Microsoft\WindowsApps;D:\Program Files\JetBrains\IntelliJ IDEA Community Edition 2021.3\bin;;C:\Users\chien\AppData\Roaming\Composer\vendor\bin;D:\chuanMuc\Study\Ki_moi\php-8.1.10-nts-Win32-vs16-x64;C:\Users\chien\AppData\Roaming\npm;D:\App\Microsoft VS Code\bin;C:\Program Files\Azure Data Studio\bin;D:\App\flutter\bin;D:\App\flutter;C:\tools\dart-sdk\bin;C:\Users\chien\AppData\Roaming\Pub\Cache\bin;
USERNAME=Chu?n m?c
OS=Windows_NT
PROCESSOR_IDENTIFIER=Intel64 Family 6 Model 126 Stepping 5, GenuineIntel
TMP=C:\Users\chien\AppData\Local\Temp
TEMP=C:\Users\chien\AppData\Local\Temp




---------------  S Y S T E M  ---------------

OS:
 Windows 11 , 64 bit Build 22621 (10.0.22621.2506)
OS uptime: 0 days 0:48 hours

CPU: total 8 (initial active 8) (4 cores per cpu, 2 threads per core) family 6 model 126 stepping 5 microcode 0xa6, cx8, cmov, fxsr, ht, mmx, 3dnowpref, sse, sse2, sse3, ssse3, sse4.1, sse4.2, popcnt, lzcnt, tsc, tscinvbit, avx, avx2, aes, erms, clmul, bmi1, bmi2, adx, avx512f, avx512dq, avx512cd, avx512bw, avx512vl, sha, fma, vzeroupper, avx512_vpopcntdq, avx512_vpclmulqdq, avx512_vaes, avx512_vnni, clflush, clflushopt, avx512_vbmi2, avx512_vbmi, rdtscp, rdpid, fsrm, gfni, avx512_bitalg, f16c, pku, avx512_ifma

Memory: 4k page, system-wide physical 20267M (3438M free)
TotalPageFile size 20267M (AvailPageFile size 39M)
current process WorkingSet (physical memory assigned to process): 507M, peak: 518M
current process commit charge ("private bytes"): 546M, peak: 590M

vm_info: OpenJDK 64-Bit Server VM (20.0.1+9-29) for windows-amd64 JRE (20.0.1+9-29), built on 2023-03-07T13:56:11Z by "mach5one" with MS VC++ 17.1 (VS2022)

END.
